============================================================
Time  2015/12/08 14:46:56 346 
============================================================
[2015/12/08 14:46:56 346] isr        1544 isr loaded!  
[2015/12/08 14:46:56 346] isr        1636 SYS_MSG_REGCB param0 =   msp_status_cb  param1 =  func(84852e8) 
[2015/12/08 14:46:56 346] isr        1562 ISR_MSG_SSB  
[2015/12/08 14:46:56 346] isr        1090 ISRSessionBegin() [in], params:   engine_type = local, 		asr_res_path = fo|res/asr/common.jet, sample_rate = 16000, 		grm_build_path = res/asr/GrmBuilld, local_grammar = command, 		result_type = xml, result_encoding = utf-8,   
[2015/12/08 14:46:56 347] isr        1101 key:  engine_type  ,value:  local  
[2015/12/08 14:46:56 347] isr        1101 key:  asr_res_path  ,value:  fo|res/asr/common.jet  
[2015/12/08 14:46:56 347] isr        1101 key:  sample_rate  ,value:  16000  
[2015/12/08 14:46:56 347] isr        1101 key:  grm_build_path  ,value:  res/asr/GrmBuilld  
[2015/12/08 14:46:56 347] isr        1101 key:  local_grammar  ,value:  command  
[2015/12/08 14:46:56 347] isr        1101 key:  result_type  ,value:  xml  
[2015/12/08 14:46:56 347] isr        1101 key:  result_encoding  ,value:  utf-8  
[2015/12/08 14:46:56 347] isr        1150 cloud params:  asr_res_path=fo|res/asr/common.jet,auf=audio/L16;rate=16000,grm_build_path=res/asr/GrmBuilld,rst=xml,rse=utf-8  
[2015/12/08 14:46:56 347] isr        1151 compatible params:  engine_type=local,asr_res_path=fo|res/asr/common.jet,sample_rate=16000,grm_build_path=res/asr/GrmBuilld,local_grammar=command,result_type=xml,result_encoding=utf-8  
[2015/12/08 14:46:56 347] isr        1157 use cloud_grammar in params!  nil  
[2015/12/08 14:46:56 347] isr        1167 engine_type_setting:  local  
[2015/12/08 14:46:56 347] isr        1050 judgeMixedTimeout mixed_timeout:  2000  
[2015/12/08 14:46:56 347] isr        1000 paramVADAnalysis [in]  
[2015/12/08 14:46:56 348] isr        986  vadOnAue| aue:   nil  
[2015/12/08 14:46:56 348] isr        1020 vad_enable :  true  
[2015/12/08 14:46:56 348] isr        1035 vad_timeout :  10000  
[2015/12/08 14:46:56 348] isr        1036 vad_speech_tail :  2000  
[2015/12/08 14:46:56 348] isr        845  EnableVAD [in]  
[2015/12/08 14:46:56 348] isr        869  vad enabled!  2000  10000  
[2015/12/08 14:46:56 348] isr        872  EnableVAD [out]  
[2015/12/08 14:46:56 348] isr        1043 paramVADAnalysis [out] | ret =  0  
[2015/12/08 14:46:56 349] isr        1235 cur_engine_type =   local  
[2015/12/08 14:46:56 352] isr        1570 ISR_MSG_AUW, engine_type =   local  
[2015/12/08 14:46:56 353] isr        1580 6400  1  
[2015/12/08 14:46:56 353] isr        1584 once_bytes:   6400  
[2015/12/08 14:46:56 358] isr        804  [aud] speech start  
[2015/12/08 14:46:56 503] isr        1570 ISR_MSG_AUW, engine_type =   local  
[2015/12/08 14:46:56 503] isr        1580 6400  2  
[2015/12/08 14:46:56 507] isr        1293 lua audiowrite:  6400  
[2015/12/08 14:46:56 507] isr        892  writelocalAudioFile  
[2015/12/08 14:46:56 653] isr        1570 ISR_MSG_AUW, engine_type =   local  
[2015/12/08 14:46:56 653] isr        1580 6400  2  
[2015/12/08 14:46:56 658] isr        1293 lua audiowrite:  6400  
[2015/12/08 14:46:56 658] isr        892  writelocalAudioFile  
[2015/12/08 14:46:56 804] isr        1570 ISR_MSG_AUW, engine_type =   local  
[2015/12/08 14:46:56 804] isr        1580 6400  2  
[2015/12/08 14:46:56 809] isr        1293 lua audiowrite:  6400  
[2015/12/08 14:46:56 809] isr        892  writelocalAudioFile  
[2015/12/08 14:46:56 954] isr        1570 ISR_MSG_AUW, engine_type =   local  
[2015/12/08 14:46:56 954] isr        1580 6400  2  
[2015/12/08 14:46:56 959] isr        1293 lua audiowrite:  6400  
[2015/12/08 14:46:56 959] isr        892  writelocalAudioFile  
[2015/12/08 14:46:57 105] isr        1570 ISR_MSG_AUW, engine_type =   local  
[2015/12/08 14:46:57 105] isr        1580 6400  2  
[2015/12/08 14:46:57 109] isr        1293 lua audiowrite:  6400  
[2015/12/08 14:46:57 109] isr        892  writelocalAudioFile  
[2015/12/08 14:46:57 255] isr        1570 ISR_MSG_AUW, engine_type =   local  
[2015/12/08 14:46:57 255] isr        1580 6400  2  
[2015/12/08 14:46:57 258] isr        1293 lua audiowrite:  6400  
[2015/12/08 14:46:57 258] isr        892  writelocalAudioFile  
[2015/12/08 14:46:57 406] isr        1570 ISR_MSG_AUW, engine_type =   local  
[2015/12/08 14:46:57 406] isr        1580 6400  2  
[2015/12/08 14:46:57 408] isr        1293 lua audiowrite:  6400  
[2015/12/08 14:46:57 408] isr        892  writelocalAudioFile  
[2015/12/08 14:46:57 556] isr        1570 ISR_MSG_AUW, engine_type =   local  
[2015/12/08 14:46:57 556] isr        1580 6400  2  
[2015/12/08 14:46:57 558] isr        1293 lua audiowrite:  6400  
[2015/12/08 14:46:57 558] isr        892  writelocalAudioFile  
[2015/12/08 14:46:57 706] isr        1570 ISR_MSG_AUW, engine_type =   local  
[2015/12/08 14:46:57 706] isr        1580 6400  2  
[2015/12/08 14:46:57 708] isr        1293 lua audiowrite:  6400  
[2015/12/08 14:46:57 708] isr        892  writelocalAudioFile  
[2015/12/08 14:46:57 856] isr        1570 ISR_MSG_AUW, engine_type =   local  
[2015/12/08 14:46:57 856] isr        1580 6400  2  
[2015/12/08 14:46:57 858] isr        1293 lua audiowrite:  6400  
[2015/12/08 14:46:57 858] isr        892  writelocalAudioFile  
[2015/12/08 14:46:58 007] isr        1570 ISR_MSG_AUW, engine_type =   local  
[2015/12/08 14:46:58 007] isr        1580 9644  2  
[2015/12/08 14:46:58 010] isr        1293 lua audiowrite:  6400  
[2015/12/08 14:46:58 010] isr        892  writelocalAudioFile  
[2015/12/08 14:46:58 010] isr        1293 lua audiowrite:  6400  
[2015/12/08 14:46:58 011] isr        892  writelocalAudioFile  
[2015/12/08 14:46:58 157] isr        1570 ISR_MSG_AUW, engine_type =   local  
[2015/12/08 14:46:58 157] isr        1580 0  4  
[2015/12/08 14:46:58 157] isr        1628 ISR_MSG_GRSLT, engine_type =   local  
[2015/12/08 14:46:58 157] isr        1364 0  nil  2  
[2015/12/08 14:46:58 158] isr        1293 lua audiowrite:  2560  
[2015/12/08 14:46:58 158] isr        892  writelocalAudioFile  
[2015/12/08 14:46:58 158] isr        811  [aud] speech end  
[2015/12/08 14:46:58 308] isr        1628 ISR_MSG_GRSLT, engine_type =   local  
[2015/12/08 14:46:58 308] isr        1364 0  nil  2  
[2015/12/08 14:46:58 351] isr        1085 ssb message processing timeout, send msg init to local from this  
[2015/12/08 14:46:58 352] isr        620  esrMessageCallBack  ,msg=  430  param1=  nil  
[2015/12/08 14:46:58 352] isr        657  ssb msg processed!  
[2015/12/08 14:46:58 399] isr        620  esrMessageCallBack  ,msg=  501  param1=  3  
[2015/12/08 14:46:58 400] isr        620  esrMessageCallBack  ,msg=  501  param1=  1  
[2015/12/08 14:46:58 401] isr        620  esrMessageCallBack  ,msg=  501  param1=  2  
[2015/12/08 14:46:58 402] isr        620  esrMessageCallBack  ,msg=  406  param1=  nil  
[2015/12/08 14:46:58 413] isr        620  esrMessageCallBack  ,msg=  404  param1=  nil  
[2015/12/08 14:46:58 458] isr        1628 ISR_MSG_GRSLT, engine_type =   local  
[2015/12/08 14:46:58 458] isr        1364 0  nil  2  
[2015/12/08 14:46:58 497] isr        620  esrMessageCallBack  ,msg=  nil  param1=  nil  
[2015/12/08 14:46:58 498] isr        620  esrMessageCallBack  ,msg=  407  param1=  udata(84a0024) 
[2015/12/08 14:46:58 498] isr        428  processResult call:  local  udata(84a0024) 19  2  
[2015/12/08 14:46:58 498] isr        433  result is :  <?xml version='1.0' encoding='utf-8' standalone='yes' ?><nlp>
  <version>1.1</version>
  <rawtext>左转六</rawtext>
  <confidence>19</confidence>
  <engine>local</engine>
  <result>
    <focus>direction|stepcount</focus>
    <confidence>0|0</confidence>
    <object>
      <direction id="65535">左转</direction>
      <stepcount id="65535">六</stepcount>
    </object>
  </result>
</nlp>
  2  
[2015/12/08 14:46:58 498] isr        620  esrMessageCallBack  ,msg=  408  param1=  nil  
[2015/12/08 14:46:58 498] isr        648  local session recognized end!  
[2015/12/08 14:46:58 609] isr        1628 ISR_MSG_GRSLT, engine_type =   local  
[2015/12/08 14:46:58 609] isr        1364 0  udata(84a0024) 5  
[2015/12/08 14:46:58 759] isr        1632 ISR_MSG_SSE, engine_type =   local  
[2015/12/08 14:46:58 759] isr        1428 ISRSessionEnd() [in]  
[2015/12/08 14:46:58 759] isr        1443 endLocalSession() [in]  
[2015/12/08 14:46:58 759] isr        259  local_plog_process  
[2015/12/08 14:46:58 760] isr        211  collect_plog_data  
[2015/12/08 14:46:58 761] isr        1553 isr unload!  
[2015/12/08 14:46:58 761] isr        907  open audio file close  
