============================================================
Time  2015/12/08 17:22:58 731 
============================================================
[2015/12/08 17:22:58 731] isr        1544 isr loaded!  
[2015/12/08 17:22:58 731] isr        1636 SYS_MSG_REGCB param0 =   msp_status_cb  param1 =  func(b26b08e8) 
[2015/12/08 17:22:58 731] isr        1562 ISR_MSG_SSB  
[2015/12/08 17:22:58 731] isr        1090 ISRSessionBegin() [in], params:   engine_type = local, 		asr_res_path = fo|res/asr/common.jet, sample_rate = 16000, 		grm_build_path = res/asr/GrmBuilld, local_grammar = command, 		result_type = xml, result_encoding = utf-8,   
[2015/12/08 17:22:58 731] isr        1101 key:  engine_type  ,value:  local  
[2015/12/08 17:22:58 732] isr        1101 key:  asr_res_path  ,value:  fo|res/asr/common.jet  
[2015/12/08 17:22:58 732] isr        1101 key:  sample_rate  ,value:  16000  
[2015/12/08 17:22:58 732] isr        1101 key:  grm_build_path  ,value:  res/asr/GrmBuilld  
[2015/12/08 17:22:58 732] isr        1101 key:  local_grammar  ,value:  command  
[2015/12/08 17:22:58 732] isr        1101 key:  result_type  ,value:  xml  
[2015/12/08 17:22:58 732] isr        1101 key:  result_encoding  ,value:  utf-8  
[2015/12/08 17:22:58 732] isr        1150 cloud params:  asr_res_path=fo|res/asr/common.jet,auf=audio/L16;rate=16000,grm_build_path=res/asr/GrmBuilld,rst=xml,rse=utf-8  
[2015/12/08 17:22:58 732] isr        1151 compatible params:  engine_type=local,asr_res_path=fo|res/asr/common.jet,sample_rate=16000,grm_build_path=res/asr/GrmBuilld,local_grammar=command,result_type=xml,result_encoding=utf-8  
[2015/12/08 17:22:58 732] isr        1157 use cloud_grammar in params!  nil  
[2015/12/08 17:22:58 732] isr        1167 engine_type_setting:  local  
[2015/12/08 17:22:58 732] isr        1050 judgeMixedTimeout mixed_timeout:  2000  
[2015/12/08 17:22:58 732] isr        1000 paramVADAnalysis [in]  
[2015/12/08 17:22:58 732] isr        986  vadOnAue| aue:   nil  
[2015/12/08 17:22:58 732] isr        1020 vad_enable :  true  
[2015/12/08 17:22:58 732] isr        1035 vad_timeout :  10000  
[2015/12/08 17:22:58 732] isr        1036 vad_speech_tail :  2000  
[2015/12/08 17:22:58 733] isr        845  EnableVAD [in]  
[2015/12/08 17:22:58 733] isr        869  vad enabled!  2000  10000  
[2015/12/08 17:22:58 733] isr        872  EnableVAD [out]  
[2015/12/08 17:22:58 733] isr        1043 paramVADAnalysis [out] | ret =  0  
[2015/12/08 17:22:58 733] isr        1235 cur_engine_type =   local  
[2015/12/08 17:22:58 736] isr        1570 ISR_MSG_AUW, engine_type =   local  
[2015/12/08 17:22:58 737] isr        1580 6400  1  
[2015/12/08 17:22:58 737] isr        1584 once_bytes:   6400  
[2015/12/08 17:22:58 742] isr        804  [aud] speech start  
[2015/12/08 17:22:58 887] isr        1570 ISR_MSG_AUW, engine_type =   local  
[2015/12/08 17:22:58 887] isr        1580 6400  2  
[2015/12/08 17:22:58 890] isr        1293 lua audiowrite:  6400  
[2015/12/08 17:22:58 890] isr        892  writelocalAudioFile  
[2015/12/08 17:22:59 037] isr        1570 ISR_MSG_AUW, engine_type =   local  
[2015/12/08 17:22:59 037] isr        1580 6400  2  
[2015/12/08 17:22:59 039] isr        1293 lua audiowrite:  6400  
[2015/12/08 17:22:59 039] isr        892  writelocalAudioFile  
[2015/12/08 17:22:59 187] isr        1570 ISR_MSG_AUW, engine_type =   local  
[2015/12/08 17:22:59 187] isr        1580 6400  2  
[2015/12/08 17:22:59 189] isr        1293 lua audiowrite:  6400  
[2015/12/08 17:22:59 189] isr        892  writelocalAudioFile  
[2015/12/08 17:22:59 338] isr        1570 ISR_MSG_AUW, engine_type =   local  
[2015/12/08 17:22:59 338] isr        1580 6400  2  
[2015/12/08 17:22:59 340] isr        1293 lua audiowrite:  6400  
[2015/12/08 17:22:59 341] isr        892  writelocalAudioFile  
[2015/12/08 17:22:59 488] isr        1570 ISR_MSG_AUW, engine_type =   local  
[2015/12/08 17:22:59 488] isr        1580 6400  2  
[2015/12/08 17:22:59 492] isr        1293 lua audiowrite:  6400  
[2015/12/08 17:22:59 492] isr        892  writelocalAudioFile  
[2015/12/08 17:22:59 639] isr        1570 ISR_MSG_AUW, engine_type =   local  
[2015/12/08 17:22:59 639] isr        1580 6400  2  
[2015/12/08 17:22:59 643] isr        1293 lua audiowrite:  6400  
[2015/12/08 17:22:59 643] isr        892  writelocalAudioFile  
[2015/12/08 17:22:59 789] isr        1570 ISR_MSG_AUW, engine_type =   local  
[2015/12/08 17:22:59 790] isr        1580 6400  2  
[2015/12/08 17:22:59 793] isr        1293 lua audiowrite:  6400  
[2015/12/08 17:22:59 793] isr        892  writelocalAudioFile  
[2015/12/08 17:22:59 940] isr        1570 ISR_MSG_AUW, engine_type =   local  
[2015/12/08 17:22:59 940] isr        1580 6400  2  
[2015/12/08 17:22:59 945] isr        1293 lua audiowrite:  6400  
[2015/12/08 17:22:59 945] isr        892  writelocalAudioFile  
[2015/12/08 17:23:00 091] isr        1570 ISR_MSG_AUW, engine_type =   local  
[2015/12/08 17:23:00 091] isr        1580 6400  2  
[2015/12/08 17:23:00 096] isr        1293 lua audiowrite:  6400  
[2015/12/08 17:23:00 096] isr        892  writelocalAudioFile  
[2015/12/08 17:23:00 242] isr        1570 ISR_MSG_AUW, engine_type =   local  
[2015/12/08 17:23:00 242] isr        1580 6400  2  
[2015/12/08 17:23:00 246] isr        1293 lua audiowrite:  6400  
[2015/12/08 17:23:00 247] isr        892  writelocalAudioFile  
[2015/12/08 17:23:00 392] isr        1570 ISR_MSG_AUW, engine_type =   local  
[2015/12/08 17:23:00 392] isr        1580 9644  2  
[2015/12/08 17:23:00 398] isr        1293 lua audiowrite:  6400  
[2015/12/08 17:23:00 398] isr        892  writelocalAudioFile  
[2015/12/08 17:23:00 398] isr        1293 lua audiowrite:  6400  
[2015/12/08 17:23:00 399] isr        892  writelocalAudioFile  
[2015/12/08 17:23:00 543] isr        1570 ISR_MSG_AUW, engine_type =   local  
[2015/12/08 17:23:00 543] isr        1580 0  4  
[2015/12/08 17:23:00 543] isr        1628 ISR_MSG_GRSLT, engine_type =   local  
[2015/12/08 17:23:00 543] isr        1364 0  nil  2  
[2015/12/08 17:23:00 544] isr        1293 lua audiowrite:  2560  
[2015/12/08 17:23:00 544] isr        892  writelocalAudioFile  
[2015/12/08 17:23:00 544] isr        811  [aud] speech end  
[2015/12/08 17:23:00 694] isr        1628 ISR_MSG_GRSLT, engine_type =   local  
[2015/12/08 17:23:00 694] isr        1364 0  nil  2  
[2015/12/08 17:23:00 735] isr        1085 ssb message processing timeout, send msg init to local from this  
[2015/12/08 17:23:00 736] isr        620  esrMessageCallBack  ,msg=  430  param1=  nil  
[2015/12/08 17:23:00 736] isr        657  ssb msg processed!  
[2015/12/08 17:23:00 799] isr        620  esrMessageCallBack  ,msg=  501  param1=  3  
[2015/12/08 17:23:00 800] isr        620  esrMessageCallBack  ,msg=  501  param1=  1  
[2015/12/08 17:23:00 802] isr        620  esrMessageCallBack  ,msg=  501  param1=  2  
[2015/12/08 17:23:00 802] isr        620  esrMessageCallBack  ,msg=  406  param1=  nil  
[2015/12/08 17:23:00 844] isr        1628 ISR_MSG_GRSLT, engine_type =   local  
[2015/12/08 17:23:00 844] isr        1364 0  nil  2  
[2015/12/08 17:23:00 952] isr        620  esrMessageCallBack  ,msg=  nil  param1=  nil  
[2015/12/08 17:23:00 952] isr        620  esrMessageCallBack  ,msg=  407  param1=  nil  
[2015/12/08 17:23:00 952] isr        428  processResult call:  local  nil  0  2  
[2015/12/08 17:23:00 952] isr        620  esrMessageCallBack  ,msg=  408  param1=  nil  
[2015/12/08 17:23:00 952] isr        648  local session recognized end!  
[2015/12/08 17:23:00 995] isr        1628 ISR_MSG_GRSLT, engine_type =   local  
[2015/12/08 17:23:00 995] isr        1364 0  nil  5  
[2015/12/08 17:23:01 145] isr        1632 ISR_MSG_SSE, engine_type =   local  
[2015/12/08 17:23:01 145] isr        1428 ISRSessionEnd() [in]  
[2015/12/08 17:23:01 145] isr        1443 endLocalSession() [in]  
[2015/12/08 17:23:01 145] isr        259  local_plog_process  
[2015/12/08 17:23:01 145] isr        211  collect_plog_data  
[2015/12/08 17:23:01 147] isr        1553 isr unload!  
[2015/12/08 17:23:01 147] isr        907  open audio file close  
