============================================================
Time  2015/11/27 15:21:30 563 
============================================================
[2015/11/27 15:21:30 563] isr        1544 isr loaded!  
[2015/11/27 15:21:30 563] isr        1636 SYS_MSG_REGCB param0 =   msp_status_cb  param1 =  func(81f9c60) 
[2015/11/27 15:21:30 563] isr        1562 ISR_MSG_SSB  
[2015/11/27 15:21:30 563] isr        1090 ISRSessionBegin() [in], params:   engine_type = local, 		asr_res_path = fo|res/asr/common.jet, sample_rate = 16000, 		grm_build_path = res/asr/GrmBuilld, local_grammar = call, 		result_type = xml, result_encoding = utf-8,   
[2015/11/27 15:21:30 563] isr        1101 key:  engine_type  ,value:  local  
[2015/11/27 15:21:30 563] isr        1101 key:  asr_res_path  ,value:  fo|res/asr/common.jet  
[2015/11/27 15:21:30 564] isr        1101 key:  sample_rate  ,value:  16000  
[2015/11/27 15:21:30 564] isr        1101 key:  grm_build_path  ,value:  res/asr/GrmBuilld  
[2015/11/27 15:21:30 564] isr        1101 key:  local_grammar  ,value:  call  
[2015/11/27 15:21:30 564] isr        1101 key:  result_type  ,value:  xml  
[2015/11/27 15:21:30 564] isr        1101 key:  result_encoding  ,value:  utf-8  
[2015/11/27 15:21:30 564] isr        1150 cloud params:  asr_res_path=fo|res/asr/common.jet,auf=audio/L16;rate=16000,grm_build_path=res/asr/GrmBuilld,rst=xml,rse=utf-8  
[2015/11/27 15:21:30 564] isr        1151 compatible params:  engine_type=local,asr_res_path=fo|res/asr/common.jet,sample_rate=16000,grm_build_path=res/asr/GrmBuilld,local_grammar=call,result_type=xml,result_encoding=utf-8  
[2015/11/27 15:21:30 564] isr        1157 use cloud_grammar in params!  nil  
[2015/11/27 15:21:30 564] isr        1167 engine_type_setting:  local  
[2015/11/27 15:21:30 564] isr        1050 judgeMixedTimeout mixed_timeout:  2000  
[2015/11/27 15:21:30 564] isr        1000 paramVADAnalysis [in]  
[2015/11/27 15:21:30 564] isr        986  vadOnAue| aue:   nil  
[2015/11/27 15:21:30 564] isr        1020 vad_enable :  true  
[2015/11/27 15:21:30 564] isr        1035 vad_timeout :  10000  
[2015/11/27 15:21:30 564] isr        1036 vad_speech_tail :  2000  
[2015/11/27 15:21:30 564] isr        845  EnableVAD [in]  
[2015/11/27 15:21:30 565] isr        869  vad enabled!  2000  10000  
[2015/11/27 15:21:30 565] isr        872  EnableVAD [out]  
[2015/11/27 15:21:30 565] isr        1043 paramVADAnalysis [out] | ret =  0  
[2015/11/27 15:21:30 565] isr        1235 cur_engine_type =   local  
[2015/11/27 15:21:30 567] isr        1570 ISR_MSG_AUW, engine_type =   local  
[2015/11/27 15:21:30 567] isr        1580 6400  1  
[2015/11/27 15:21:30 567] isr        1584 once_bytes:   6400  
[2015/11/27 15:21:30 571] isr        804  [aud] speech start  
[2015/11/27 15:21:30 717] isr        1570 ISR_MSG_AUW, engine_type =   local  
[2015/11/27 15:21:30 717] isr        1580 6400  2  
[2015/11/27 15:21:30 719] isr        1293 lua audiowrite:  6400  
[2015/11/27 15:21:30 719] isr        892  writelocalAudioFile  
[2015/11/27 15:21:30 868] isr        1570 ISR_MSG_AUW, engine_type =   local  
[2015/11/27 15:21:30 868] isr        1580 6400  2  
[2015/11/27 15:21:30 873] isr        1293 lua audiowrite:  6400  
[2015/11/27 15:21:30 873] isr        892  writelocalAudioFile  
[2015/11/27 15:21:31 019] isr        1570 ISR_MSG_AUW, engine_type =   local  
[2015/11/27 15:21:31 019] isr        1580 6400  2  
[2015/11/27 15:21:31 024] isr        1293 lua audiowrite:  6400  
[2015/11/27 15:21:31 024] isr        892  writelocalAudioFile  
[2015/11/27 15:21:31 169] isr        1570 ISR_MSG_AUW, engine_type =   local  
[2015/11/27 15:21:31 169] isr        1580 6400  2  
[2015/11/27 15:21:31 173] isr        1293 lua audiowrite:  6400  
[2015/11/27 15:21:31 173] isr        892  writelocalAudioFile  
[2015/11/27 15:21:31 320] isr        1570 ISR_MSG_AUW, engine_type =   local  
[2015/11/27 15:21:31 320] isr        1580 6400  2  
[2015/11/27 15:21:31 324] isr        1293 lua audiowrite:  6400  
[2015/11/27 15:21:31 324] isr        892  writelocalAudioFile  
[2015/11/27 15:21:31 471] isr        1570 ISR_MSG_AUW, engine_type =   local  
[2015/11/27 15:21:31 471] isr        1580 6400  2  
[2015/11/27 15:21:31 475] isr        1293 lua audiowrite:  6400  
[2015/11/27 15:21:31 475] isr        892  writelocalAudioFile  
[2015/11/27 15:21:31 621] isr        1570 ISR_MSG_AUW, engine_type =   local  
[2015/11/27 15:21:31 621] isr        1580 6400  2  
[2015/11/27 15:21:31 624] isr        1293 lua audiowrite:  6400  
[2015/11/27 15:21:31 624] isr        892  writelocalAudioFile  
[2015/11/27 15:21:31 772] isr        1570 ISR_MSG_AUW, engine_type =   local  
[2015/11/27 15:21:31 772] isr        1580 6400  2  
[2015/11/27 15:21:31 774] isr        1293 lua audiowrite:  6400  
[2015/11/27 15:21:31 774] isr        892  writelocalAudioFile  
[2015/11/27 15:21:31 922] isr        1570 ISR_MSG_AUW, engine_type =   local  
[2015/11/27 15:21:31 923] isr        1580 6400  2  
[2015/11/27 15:21:31 927] isr        1293 lua audiowrite:  6400  
[2015/11/27 15:21:31 927] isr        892  writelocalAudioFile  
[2015/11/27 15:21:32 073] isr        1570 ISR_MSG_AUW, engine_type =   local  
[2015/11/27 15:21:32 073] isr        1580 6400  2  
[2015/11/27 15:21:32 077] isr        1293 lua audiowrite:  6400  
[2015/11/27 15:21:32 077] isr        892  writelocalAudioFile  
[2015/11/27 15:21:32 224] isr        1570 ISR_MSG_AUW, engine_type =   local  
[2015/11/27 15:21:32 224] isr        1580 6400  2  
[2015/11/27 15:21:32 226] isr        1293 lua audiowrite:  6400  
[2015/11/27 15:21:32 227] isr        892  writelocalAudioFile  
[2015/11/27 15:21:32 374] isr        1570 ISR_MSG_AUW, engine_type =   local  
[2015/11/27 15:21:32 374] isr        1580 6400  2  
[2015/11/27 15:21:32 376] isr        1293 lua audiowrite:  6400  
[2015/11/27 15:21:32 376] isr        892  writelocalAudioFile  
[2015/11/27 15:21:32 524] isr        1570 ISR_MSG_AUW, engine_type =   local  
[2015/11/27 15:21:32 524] isr        1580 6400  2  
[2015/11/27 15:21:32 526] isr        1293 lua audiowrite:  6400  
[2015/11/27 15:21:32 526] isr        892  writelocalAudioFile  
[2015/11/27 15:21:32 567] isr        1085 ssb message processing timeout, send msg init to local from this  
[2015/11/27 15:21:32 567] isr        620  esrMessageCallBack  ,msg=  430  param1=  nil  
[2015/11/27 15:21:32 567] isr        657  ssb msg processed!  
[2015/11/27 15:21:32 592] isr        620  esrMessageCallBack  ,msg=  501  param1=  3  
[2015/11/27 15:21:32 592] isr        620  esrMessageCallBack  ,msg=  501  param1=  1  
[2015/11/27 15:21:32 602] isr        620  esrMessageCallBack  ,msg=  404  param1=  nil  
[2015/11/27 15:21:32 675] isr        1570 ISR_MSG_AUW, engine_type =   local  
[2015/11/27 15:21:32 675] isr        1580 6400  2  
[2015/11/27 15:21:32 677] isr        1293 lua audiowrite:  6400  
[2015/11/27 15:21:32 677] isr        892  writelocalAudioFile  
[2015/11/27 15:21:32 827] isr        1570 ISR_MSG_AUW, engine_type =   local  
[2015/11/27 15:21:32 827] isr        1580 6400  2  
[2015/11/27 15:21:32 828] isr        1293 lua audiowrite:  6400  
[2015/11/27 15:21:32 829] isr        892  writelocalAudioFile  
[2015/11/27 15:21:32 977] isr        1570 ISR_MSG_AUW, engine_type =   local  
[2015/11/27 15:21:32 977] isr        1580 6400  2  
[2015/11/27 15:21:32 979] isr        1293 lua audiowrite:  6400  
[2015/11/27 15:21:32 979] isr        892  writelocalAudioFile  
[2015/11/27 15:21:33 128] isr        1570 ISR_MSG_AUW, engine_type =   local  
[2015/11/27 15:21:33 128] isr        1580 6400  2  
[2015/11/27 15:21:33 129] isr        1293 lua audiowrite:  6400  
[2015/11/27 15:21:33 129] isr        892  writelocalAudioFile  
[2015/11/27 15:21:33 278] isr        1570 ISR_MSG_AUW, engine_type =   local  
[2015/11/27 15:21:33 278] isr        1580 6400  2  
[2015/11/27 15:21:33 280] isr        1293 lua audiowrite:  6400  
[2015/11/27 15:21:33 280] isr        892  writelocalAudioFile  
[2015/11/27 15:21:33 428] isr        1570 ISR_MSG_AUW, engine_type =   local  
[2015/11/27 15:21:33 428] isr        1580 6400  2  
[2015/11/27 15:21:33 430] isr        1293 lua audiowrite:  6400  
[2015/11/27 15:21:33 430] isr        892  writelocalAudioFile  
[2015/11/27 15:21:33 579] isr        1570 ISR_MSG_AUW, engine_type =   local  
[2015/11/27 15:21:33 579] isr        1580 6400  2  
[2015/11/27 15:21:33 580] isr        1293 lua audiowrite:  6400  
[2015/11/27 15:21:33 580] isr        892  writelocalAudioFile  
[2015/11/27 15:21:33 729] isr        1570 ISR_MSG_AUW, engine_type =   local  
[2015/11/27 15:21:33 729] isr        1580 6400  2  
[2015/11/27 15:21:33 730] isr        1293 lua audiowrite:  6400  
[2015/11/27 15:21:33 730] isr        892  writelocalAudioFile  
[2015/11/27 15:21:33 879] isr        1570 ISR_MSG_AUW, engine_type =   local  
[2015/11/27 15:21:33 879] isr        1580 6400  2  
[2015/11/27 15:21:33 881] isr        1293 lua audiowrite:  6400  
[2015/11/27 15:21:33 881] isr        892  writelocalAudioFile  
[2015/11/27 15:21:34 029] isr        1570 ISR_MSG_AUW, engine_type =   local  
[2015/11/27 15:21:34 029] isr        1580 12544  2  
[2015/11/27 15:21:34 032] isr        1293 lua audiowrite:  6400  
[2015/11/27 15:21:34 032] isr        892  writelocalAudioFile  
[2015/11/27 15:21:34 032] isr        1293 lua audiowrite:  6400  
[2015/11/27 15:21:34 032] isr        892  writelocalAudioFile  
[2015/11/27 15:21:34 180] isr        1570 ISR_MSG_AUW, engine_type =   local  
[2015/11/27 15:21:34 180] isr        1580 0  4  
[2015/11/27 15:21:34 180] isr        1293 lua audiowrite:  5440  
[2015/11/27 15:21:34 180] isr        892  writelocalAudioFile  
[2015/11/27 15:21:34 180] isr        811  [aud] speech end  
[2015/11/27 15:21:34 180] isr        1628 ISR_MSG_GRSLT, engine_type =   local  
[2015/11/27 15:21:34 180] isr        1364 0  nil  2  
[2015/11/27 15:21:34 181] isr        620  esrMessageCallBack  ,msg=  501  param1=  2  
[2015/11/27 15:21:34 181] isr        620  esrMessageCallBack  ,msg=  406  param1=  nil  
[2015/11/27 15:21:34 204] isr        620  esrMessageCallBack  ,msg=  nil  param1=  nil  
[2015/11/27 15:21:34 205] isr        620  esrMessageCallBack  ,msg=  407  param1=  udata(8206574) 
[2015/11/27 15:21:34 205] isr        428  processResult call:  local  udata(8206574) 87  2  
[2015/11/27 15:21:34 205] isr        433  result is :  <?xml version='1.0' encoding='utf-8' standalone='yes' ?><nlp>
  <version>1.1</version>
  <rawtext>打电话给丁伟</rawtext>
  <confidence>87</confidence>
  <engine>local</engine>
  <result>
    <focus>dialpre|contact</focus>
    <confidence>0|0</confidence>
    <object>
      <dialpre id="10001">打电话给</dialpre>
      <contact id="65535">丁伟</contact>
    </object>
  </result>
</nlp>
  2  
[2015/11/27 15:21:34 205] isr        620  esrMessageCallBack  ,msg=  408  param1=  nil  
[2015/11/27 15:21:34 205] isr        648  local session recognized end!  
[2015/11/27 15:21:34 331] isr        1628 ISR_MSG_GRSLT, engine_type =   local  
[2015/11/27 15:21:34 331] isr        1364 0  udata(8206574) 5  
[2015/11/27 15:21:34 482] isr        1632 ISR_MSG_SSE, engine_type =   local  
[2015/11/27 15:21:34 482] isr        1428 ISRSessionEnd() [in]  
[2015/11/27 15:21:34 482] isr        1443 endLocalSession() [in]  
[2015/11/27 15:21:34 482] isr        259  local_plog_process  
[2015/11/27 15:21:34 482] isr        211  collect_plog_data  
[2015/11/27 15:21:34 485] isr        1553 isr unload!  
[2015/11/27 15:21:34 485] isr        907  open audio file close  
