============================================================
Time  2015/12/10 11:03:20 784 
============================================================
[2015/12/10 11:03:20 784] isr        1544 isr loaded!  
[2015/12/10 11:03:20 784] isr        1636 SYS_MSG_REGCB param0 =   msp_status_cb  param1 =  func(af748ed0) 
[2015/12/10 11:03:20 784] isr        1562 ISR_MSG_SSB  
[2015/12/10 11:03:20 784] isr        1090 ISRSessionBegin() [in], params:   engine_type = local, 		asr_res_path = fo|res/asr/common.jet, sample_rate = 16000, 		grm_build_path = res/asr/GrmBuilld, local_grammar = command, 		result_type = xml, result_encoding = utf-8,   
[2015/12/10 11:03:20 784] isr        1101 key:  engine_type  ,value:  local  
[2015/12/10 11:03:20 784] isr        1101 key:  asr_res_path  ,value:  fo|res/asr/common.jet  
[2015/12/10 11:03:20 784] isr        1101 key:  sample_rate  ,value:  16000  
[2015/12/10 11:03:20 785] isr        1101 key:  grm_build_path  ,value:  res/asr/GrmBuilld  
[2015/12/10 11:03:20 785] isr        1101 key:  local_grammar  ,value:  command  
[2015/12/10 11:03:20 785] isr        1101 key:  result_type  ,value:  xml  
[2015/12/10 11:03:20 785] isr        1101 key:  result_encoding  ,value:  utf-8  
[2015/12/10 11:03:20 785] isr        1150 cloud params:  asr_res_path=fo|res/asr/common.jet,auf=audio/L16;rate=16000,grm_build_path=res/asr/GrmBuilld,rst=xml,rse=utf-8  
[2015/12/10 11:03:20 785] isr        1151 compatible params:  engine_type=local,asr_res_path=fo|res/asr/common.jet,sample_rate=16000,grm_build_path=res/asr/GrmBuilld,local_grammar=command,result_type=xml,result_encoding=utf-8  
[2015/12/10 11:03:20 785] isr        1157 use cloud_grammar in params!  nil  
[2015/12/10 11:03:20 785] isr        1167 engine_type_setting:  local  
[2015/12/10 11:03:20 785] isr        1050 judgeMixedTimeout mixed_timeout:  2000  
[2015/12/10 11:03:20 785] isr        1000 paramVADAnalysis [in]  
[2015/12/10 11:03:20 785] isr        986  vadOnAue| aue:   nil  
[2015/12/10 11:03:20 785] isr        1020 vad_enable :  true  
[2015/12/10 11:03:20 785] isr        1035 vad_timeout :  10000  
[2015/12/10 11:03:20 785] isr        1036 vad_speech_tail :  2000  
[2015/12/10 11:03:20 785] isr        845  EnableVAD [in]  
[2015/12/10 11:03:20 785] isr        869  vad enabled!  2000  10000  
[2015/12/10 11:03:20 785] isr        872  EnableVAD [out]  
[2015/12/10 11:03:20 785] isr        1043 paramVADAnalysis [out] | ret =  0  
[2015/12/10 11:03:20 785] isr        1235 cur_engine_type =   local  
[2015/12/10 11:03:20 787] isr        1570 ISR_MSG_AUW, engine_type =   local  
[2015/12/10 11:03:20 787] isr        1580 6400  1  
[2015/12/10 11:03:20 787] isr        1584 once_bytes:   6400  
[2015/12/10 11:03:20 790] isr        804  [aud] speech start  
[2015/12/10 11:03:20 937] isr        1570 ISR_MSG_AUW, engine_type =   local  
[2015/12/10 11:03:20 938] isr        1580 6400  2  
[2015/12/10 11:03:20 939] isr        1293 lua audiowrite:  6400  
[2015/12/10 11:03:20 939] isr        892  writelocalAudioFile  
[2015/12/10 11:03:21 088] isr        1570 ISR_MSG_AUW, engine_type =   local  
[2015/12/10 11:03:21 088] isr        1580 6400  2  
[2015/12/10 11:03:21 090] isr        1293 lua audiowrite:  6400  
[2015/12/10 11:03:21 090] isr        892  writelocalAudioFile  
[2015/12/10 11:03:21 238] isr        1570 ISR_MSG_AUW, engine_type =   local  
[2015/12/10 11:03:21 238] isr        1580 6400  2  
[2015/12/10 11:03:21 240] isr        1293 lua audiowrite:  6400  
[2015/12/10 11:03:21 240] isr        892  writelocalAudioFile  
[2015/12/10 11:03:21 389] isr        1570 ISR_MSG_AUW, engine_type =   local  
[2015/12/10 11:03:21 389] isr        1580 6400  2  
[2015/12/10 11:03:21 391] isr        1293 lua audiowrite:  6400  
[2015/12/10 11:03:21 391] isr        892  writelocalAudioFile  
[2015/12/10 11:03:21 539] isr        1570 ISR_MSG_AUW, engine_type =   local  
[2015/12/10 11:03:21 539] isr        1580 6400  2  
[2015/12/10 11:03:21 541] isr        1293 lua audiowrite:  6400  
[2015/12/10 11:03:21 541] isr        892  writelocalAudioFile  
[2015/12/10 11:03:21 689] isr        1570 ISR_MSG_AUW, engine_type =   local  
[2015/12/10 11:03:21 689] isr        1580 6400  2  
[2015/12/10 11:03:21 691] isr        1293 lua audiowrite:  6400  
[2015/12/10 11:03:21 691] isr        892  writelocalAudioFile  
[2015/12/10 11:03:21 840] isr        1570 ISR_MSG_AUW, engine_type =   local  
[2015/12/10 11:03:21 840] isr        1580 6400  2  
[2015/12/10 11:03:21 845] isr        1293 lua audiowrite:  6400  
[2015/12/10 11:03:21 845] isr        892  writelocalAudioFile  
[2015/12/10 11:03:21 990] isr        1570 ISR_MSG_AUW, engine_type =   local  
[2015/12/10 11:03:21 990] isr        1580 6400  2  
[2015/12/10 11:03:21 996] isr        1293 lua audiowrite:  6400  
[2015/12/10 11:03:21 996] isr        892  writelocalAudioFile  
[2015/12/10 11:03:22 140] isr        1570 ISR_MSG_AUW, engine_type =   local  
[2015/12/10 11:03:22 140] isr        1580 6400  2  
[2015/12/10 11:03:22 142] isr        1293 lua audiowrite:  6400  
[2015/12/10 11:03:22 142] isr        892  writelocalAudioFile  
[2015/12/10 11:03:22 291] isr        1570 ISR_MSG_AUW, engine_type =   local  
[2015/12/10 11:03:22 291] isr        1580 6400  2  
[2015/12/10 11:03:22 293] isr        1293 lua audiowrite:  6400  
[2015/12/10 11:03:22 293] isr        892  writelocalAudioFile  
[2015/12/10 11:03:22 441] isr        1570 ISR_MSG_AUW, engine_type =   local  
[2015/12/10 11:03:22 441] isr        1580 9644  2  
[2015/12/10 11:03:22 444] isr        1293 lua audiowrite:  6400  
[2015/12/10 11:03:22 444] isr        892  writelocalAudioFile  
[2015/12/10 11:03:22 444] isr        1293 lua audiowrite:  6400  
[2015/12/10 11:03:22 444] isr        892  writelocalAudioFile  
[2015/12/10 11:03:22 591] isr        1570 ISR_MSG_AUW, engine_type =   local  
[2015/12/10 11:03:22 591] isr        1580 0  4  
[2015/12/10 11:03:22 591] isr        1628 ISR_MSG_GRSLT, engine_type =   local  
[2015/12/10 11:03:22 592] isr        1364 0  nil  2  
[2015/12/10 11:03:22 592] isr        1293 lua audiowrite:  2560  
[2015/12/10 11:03:22 592] isr        892  writelocalAudioFile  
[2015/12/10 11:03:22 592] isr        811  [aud] speech end  
[2015/12/10 11:03:22 742] isr        1628 ISR_MSG_GRSLT, engine_type =   local  
[2015/12/10 11:03:22 742] isr        1364 0  nil  2  
[2015/12/10 11:03:22 787] isr        1085 ssb message processing timeout, send msg init to local from this  
[2015/12/10 11:03:22 788] isr        620  esrMessageCallBack  ,msg=  430  param1=  nil  
[2015/12/10 11:03:22 788] isr        657  ssb msg processed!  
[2015/12/10 11:03:22 821] isr        620  esrMessageCallBack  ,msg=  501  param1=  3  
[2015/12/10 11:03:22 821] isr        620  esrMessageCallBack  ,msg=  501  param1=  1  
[2015/12/10 11:03:22 822] isr        620  esrMessageCallBack  ,msg=  501  param1=  2  
[2015/12/10 11:03:22 823] isr        620  esrMessageCallBack  ,msg=  406  param1=  nil  
[2015/12/10 11:03:22 893] isr        1628 ISR_MSG_GRSLT, engine_type =   local  
[2015/12/10 11:03:22 893] isr        1364 0  nil  2  
[2015/12/10 11:03:23 038] isr        620  esrMessageCallBack  ,msg=  nil  param1=  nil  
[2015/12/10 11:03:23 038] isr        620  esrMessageCallBack  ,msg=  407  param1=  nil  
[2015/12/10 11:03:23 038] isr        428  processResult call:  local  nil  0  2  
[2015/12/10 11:03:23 038] isr        620  esrMessageCallBack  ,msg=  408  param1=  nil  
[2015/12/10 11:03:23 038] isr        648  local session recognized end!  
[2015/12/10 11:03:23 043] isr        1628 ISR_MSG_GRSLT, engine_type =   local  
[2015/12/10 11:03:23 043] isr        1364 0  nil  5  
[2015/12/10 11:03:23 193] isr        1632 ISR_MSG_SSE, engine_type =   local  
[2015/12/10 11:03:23 194] isr        1428 ISRSessionEnd() [in]  
[2015/12/10 11:03:23 194] isr        1443 endLocalSession() [in]  
[2015/12/10 11:03:23 194] isr        259  local_plog_process  
[2015/12/10 11:03:23 194] isr        211  collect_plog_data  
[2015/12/10 11:03:23 196] isr        1553 isr unload!  
[2015/12/10 11:03:23 196] isr        907  open audio file close  
