============================================================
Time  2015/12/04 15:00:41 216 
============================================================
[2015/12/04 15:00:41 216] tts        400  SYS_MSG_LOAD | tts LOAD!  
[2015/12/04 15:00:41 216] tts        414  SYS_MSG_REGCB |SYS_MSG_REGCB param0 =   msp_status_cb  param1 =  func(b0948638) 
[2015/12/04 15:00:41 216] tts_cloud  1238 SYS_MSG_REGCB param0 =   msp_status_cb  param1 =  func(b0948638) 
[2015/12/04 15:00:41 217] tts        437  TTS_MSG_SSB  
[2015/12/04 15:00:41 217] tts        478  TTS_MSG_SSB | local tts sessionbegin in  
[2015/12/04 15:00:41 218] tts        499  TTS_MSG_SSB | local out   
[2015/12/04 15:00:41 218] tts        554  TTS_MSG_SYN  0  
[2015/12/04 15:00:41 218] tts        559  TTS_MSG_SYN | local in  
[2015/12/04 15:00:41 218] tts        568  TTS_MSG_SYN | local out  
[2015/12/04 15:00:41 218] tts        579  TTS_MSG_GETAUDIO  0  
[2015/12/04 15:00:41 218] tts        584  TTS_MSG_GETAUDIO | local in  
[2015/12/04 15:00:41 218] tts        620  TTS_MSG_GETAUDIO | local out  0  nil  1  
[2015/12/04 15:00:41 224] tts        280  Aisound_cb | AISOUND_CB_BEGIN  
[2015/12/04 15:00:41 231] tts        283  Aisound_cb | AISOUND_CB_END   
[2015/12/04 15:00:41 231] tts        295  Aisound_cb | AISOUND_CB_END Aisound_status =  2  
[2015/12/04 15:00:41 234] tts        579  TTS_MSG_GETAUDIO  0  
[2015/12/04 15:00:41 234] tts        584  TTS_MSG_GETAUDIO | local in  
[2015/12/04 15:00:41 234] tts        605  TTS_MSG_GETAUDIO | ced =  12  
[2015/12/04 15:00:41 234] tts        605  TTS_MSG_GETAUDIO | ced =  12  
[2015/12/04 15:00:41 234] tts        605  TTS_MSG_GETAUDIO | ced =  12  
[2015/12/04 15:00:41 234] tts        605  TTS_MSG_GETAUDIO | ced =  12  
[2015/12/04 15:00:41 234] tts        605  TTS_MSG_GETAUDIO | ced =  12  
[2015/12/04 15:00:41 234] tts        605  TTS_MSG_GETAUDIO | ced =  12  
[2015/12/04 15:00:41 234] tts        605  TTS_MSG_GETAUDIO | ced =  12  
[2015/12/04 15:00:41 234] tts        605  TTS_MSG_GETAUDIO | ced =  12  
[2015/12/04 15:00:41 234] tts        605  TTS_MSG_GETAUDIO | ced =  12  
[2015/12/04 15:00:41 234] tts        605  TTS_MSG_GETAUDIO | ced =  12  
[2015/12/04 15:00:41 234] tts        605  TTS_MSG_GETAUDIO | ced =  12  
[2015/12/04 15:00:41 234] tts        605  TTS_MSG_GETAUDIO | ced =  12  
[2015/12/04 15:00:41 234] tts        605  TTS_MSG_GETAUDIO | ced =  12  
[2015/12/04 15:00:41 234] tts        605  TTS_MSG_GETAUDIO | ced =  12  
[2015/12/04 15:00:41 234] tts        605  TTS_MSG_GETAUDIO | ced =  12  
[2015/12/04 15:00:41 234] tts        605  TTS_MSG_GETAUDIO | ced =  12  
[2015/12/04 15:00:41 234] tts        605  TTS_MSG_GETAUDIO | ced =  12  
[2015/12/04 15:00:41 234] tts        620  TTS_MSG_GETAUDIO | local out  0  udata(b0949e8c) 2  
[2015/12/04 15:00:41 235] tts        631  TTS_MSG_SSE  
[2015/12/04 15:00:41 235] tts        640  TTS_MSG_SSE | local in  
[2015/12/04 15:00:41 235] tts        186  collect_plog_data | in  
[2015/12/04 15:00:41 235] tts        224  collect_plog_data | out  
[2015/12/04 15:00:41 236] tts        644  TTS_MSG_SSE | local out  
