============================================================
Time  2015/12/10 12:50:22 042 
============================================================
[2015/12/10 12:50:22 042] tts        400  SYS_MSG_LOAD | tts LOAD!  
[2015/12/10 12:50:22 042] tts        414  SYS_MSG_REGCB |SYS_MSG_REGCB param0 =   msp_status_cb  param1 =  func(b0948650) 
[2015/12/10 12:50:22 042] tts_cloud  1238 SYS_MSG_REGCB param0 =   msp_status_cb  param1 =  func(b0948650) 
[2015/12/10 12:50:22 042] tts        437  TTS_MSG_SSB  
[2015/12/10 12:50:22 043] tts        478  TTS_MSG_SSB | local tts sessionbegin in  
[2015/12/10 12:50:22 044] tts        499  TTS_MSG_SSB | local out   
[2015/12/10 12:50:22 045] tts        554  TTS_MSG_SYN  0  
[2015/12/10 12:50:22 045] tts        559  TTS_MSG_SYN | local in  
[2015/12/10 12:50:22 045] tts        568  TTS_MSG_SYN | local out  
[2015/12/10 12:50:22 045] tts        579  TTS_MSG_GETAUDIO  0  
[2015/12/10 12:50:22 045] tts        584  TTS_MSG_GETAUDIO | local in  
[2015/12/10 12:50:22 045] tts        620  TTS_MSG_GETAUDIO | local out  0  nil  1  
[2015/12/10 12:50:22 056] tts        280  Aisound_cb | AISOUND_CB_BEGIN  
[2015/12/10 12:50:22 061] tts        579  TTS_MSG_GETAUDIO  0  
[2015/12/10 12:50:22 061] tts        584  TTS_MSG_GETAUDIO | local in  
[2015/12/10 12:50:22 061] tts        605  TTS_MSG_GETAUDIO | ced =  9  
[2015/12/10 12:50:22 061] tts        605  TTS_MSG_GETAUDIO | ced =  9  
[2015/12/10 12:50:22 061] tts        605  TTS_MSG_GETAUDIO | ced =  9  
[2015/12/10 12:50:22 061] tts        620  TTS_MSG_GETAUDIO | local out  0  udata(b094abfc) 1  
[2015/12/10 12:50:22 067] tts        283  Aisound_cb | AISOUND_CB_END   
[2015/12/10 12:50:22 067] tts        295  Aisound_cb | AISOUND_CB_END Aisound_status =  2  
[2015/12/10 12:50:22 077] tts        579  TTS_MSG_GETAUDIO  0  
[2015/12/10 12:50:22 077] tts        584  TTS_MSG_GETAUDIO | local in  
[2015/12/10 12:50:22 077] tts        605  TTS_MSG_GETAUDIO | ced =  9  
[2015/12/10 12:50:22 077] tts        605  TTS_MSG_GETAUDIO | ced =  9  
[2015/12/10 12:50:22 077] tts        605  TTS_MSG_GETAUDIO | ced =  9  
[2015/12/10 12:50:22 077] tts        605  TTS_MSG_GETAUDIO | ced =  9  
[2015/12/10 12:50:22 077] tts        605  TTS_MSG_GETAUDIO | ced =  9  
[2015/12/10 12:50:22 077] tts        605  TTS_MSG_GETAUDIO | ced =  9  
[2015/12/10 12:50:22 077] tts        605  TTS_MSG_GETAUDIO | ced =  9  
[2015/12/10 12:50:22 077] tts        605  TTS_MSG_GETAUDIO | ced =  9  
[2015/12/10 12:50:22 077] tts        605  TTS_MSG_GETAUDIO | ced =  9  
[2015/12/10 12:50:22 077] tts        605  TTS_MSG_GETAUDIO | ced =  9  
[2015/12/10 12:50:22 077] tts        605  TTS_MSG_GETAUDIO | ced =  9  
[2015/12/10 12:50:22 077] tts        620  TTS_MSG_GETAUDIO | local out  0  udata(b0949f94) 2  
[2015/12/10 12:50:22 078] tts        631  TTS_MSG_SSE  
[2015/12/10 12:50:22 078] tts        640  TTS_MSG_SSE | local in  
[2015/12/10 12:50:22 078] tts        186  collect_plog_data | in  
[2015/12/10 12:50:22 078] tts        224  collect_plog_data | out  
[2015/12/10 12:50:22 080] tts        644  TTS_MSG_SSE | local out  
