============================================================
Time  2015/11/27 14:11:12 876 
============================================================
[2015/11/27 14:11:12 876] isr_local  2027 os_type is:  Linux  
[2015/11/27 14:11:12 876] isr_local  2036 Aitalk LOAD!  
[2015/11/27 14:11:12 876] isr_local  2064 SYS_MSG_REGCB| param0 =  msp_status_cb  
[2015/11/27 14:11:12 877] isr_local  2064 SYS_MSG_REGCB| param0 =  build_grm_cb  
[2015/11/27 14:11:12 877] isr_local  2130 last gc at  1448604672  
[2015/11/27 14:11:12 877] isr_local  2081 ASR_MSG_BUILD_GRM  bnf  nil  engine_type = local, 		asr_res_path = /home/turtlebot2/ros_ws/bin/msc/res/asr/common.jet, sample_rate = 16000, 		grm_build_path = /home/turtlebot2/ros_ws/bin/msc/res/asr/GrmBuilld,   
[2015/11/27 14:11:12 877] isr_local  1812 grmInit() [in]   
[2015/11/27 14:11:12 877] isr_local  751  text_encoding =   nil  
[2015/11/27 14:11:12 877] isr_local  1821 sample_rate:  16000  
[2015/11/27 14:11:12 877] isr_local  1841 grmInit | params parse success  
[2015/11/27 14:11:12 877] isr_local  1780 createGrmObject() [in]  
[2015/11/27 14:11:12 877] isr_local  954  paramResPathAnalysis() [in], param_str :  /home/turtlebot2/ros_ws/bin/msc/res/asr/common.jet  
[2015/11/27 14:11:12 877] isr_local  978  file count =   1  
[2015/11/27 14:11:12 877] isr_local  870  resPathSubStrAnalysis() [in], sub_str:  /home/turtlebot2/ros_ws/bin/msc/res/asr/common.jet  
[2015/11/27 14:11:12 877] isr_local  892  res path is incomplete!  
[2015/11/27 14:11:12 877] isr_local  987  paramResPathAnalysis() [out], ret :  23001  
[2015/11/27 14:11:12 877] isr_local  1798 ParseAsrResPathInfo error! :  23001  
[2015/11/27 14:11:12 877] isr_local  1845 grmInit | create grm failed  
[2015/11/27 14:11:12 877] isr_local  1545 processRetCodeGrm | errorcode =  23001  
[2015/11/27 14:11:12 877] isr_local  1537 onGrmLocalServiceCb  23001  nil  
