[2015/12/04 14:55:10 434] isr_local  1416 asr_message_handler() [in] | msg, param0, param1 :  303  udata(af73c764) 2  
[2015/12/04 14:55:10 434] isr_local  1453 push session message.   303  
[2015/12/04 14:55:10 434] isr_local  2130 last gc at  1449212104  
[2015/12/04 14:55:10 585] isr_local  1416 asr_message_handler() [in] | msg, param0, param1 :  303  udata(af73cf1c) 2  
[2015/12/04 14:55:10 585] isr_local  1453 push session message.   303  
[2015/12/04 14:55:10 585] isr_local  2130 last gc at  1449212104  
[2015/12/04 14:55:10 734] isr_local  1416 asr_message_handler() [in] | msg, param0, param1 :  303  udata(af73cfa4) 2  
[2015/12/04 14:55:10 734] isr_local  1453 push session message.   303  
[2015/12/04 14:55:10 734] isr_local  2130 last gc at  1449212104  
[2015/12/04 14:55:10 886] isr_local  1416 asr_message_handler() [in] | msg, param0, param1 :  303  udata(af73d05c) 2  
[2015/12/04 14:55:10 886] isr_local  1453 push session message.   303  
[2015/12/04 14:55:10 886] isr_local  2130 last gc at  1449212104  
[2015/12/04 14:55:11 036] isr_local  1416 asr_message_handler() [in] | msg, param0, param1 :  303  udata(af73d114) 2  
[2015/12/04 14:55:11 036] isr_local  1453 push session message.   303  
[2015/12/04 14:55:11 036] isr_local  2130 last gc at  1449212104  
[2015/12/04 14:55:11 187] isr_local  1416 asr_message_handler() [in] | msg, param0, param1 :  303  udata(af73cecc) 2  
[2015/12/04 14:55:11 187] isr_local  1453 push session message.   303  
[2015/12/04 14:55:11 187] isr_local  2130 last gc at  1449212104  
[2015/12/04 14:55:11 338] isr_local  1416 asr_message_handler() [in] | msg, param0, param1 :  303  udata(af73cef4) 2  
[2015/12/04 14:55:11 338] isr_local  1453 push session message.   303  
[2015/12/04 14:55:11 338] isr_local  2130 last gc at  1449212104  
[2015/12/04 14:55:11 490] isr_local  1416 asr_message_handler() [in] | msg, param0, param1 :  303  udata(af73d37c) 2  
[2015/12/04 14:55:11 490] isr_local  1453 push session message.   303  
[2015/12/04 14:55:11 490] isr_local  2130 last gc at  1449212104  
[2015/12/04 14:55:11 490] isr_local  1416 asr_message_handler() [in] | msg, param0, param1 :  303  udata(af73d434) 2  
[2015/12/04 14:55:11 490] isr_local  1453 push session message.   303  
[2015/12/04 14:55:11 491] isr_local  2130 last gc at  1449212104  
[2015/12/04 14:55:11 635] isr_local  1416 asr_message_handler() [in] | msg, param0, param1 :  303  udata(af73d4ec) 4  
[2015/12/04 14:55:11 635] isr_local  1453 push session message.   303  
[2015/12/04 14:55:11 635] isr_local  2130 last gc at  1449212104  
[2015/12/04 14:55:11 826] isr_local  1416 asr_message_handler() [in] | msg, param0, param1 :  306  nil  nil  
[2015/12/04 14:55:11 826] isr_local  1450 ssb init.  
[2015/12/04 14:55:11 827] isr_local  1464 processing msg in asrmsg_q:   302  engine_type=local,asr_res_path=fo|res/asr/common.jet,sample_rate=16000,grm_build_path=res/asr/GrmBuilld,local_grammar=command,result_type=xml,result_encoding=utf-8  nil  
[2015/12/04 14:55:11 827] isr_local  1203 asrServer esrSessionBegin [in] params =   engine_type=local,asr_res_path=fo|res/asr/common.jet,sample_rate=16000,grm_build_path=res/asr/GrmBuilld,local_grammar=command,result_type=xml,result_encoding=utf-8  
[2015/12/04 14:55:11 827] isr_local  1209 forbid_aitalk=  0  
[2015/12/04 14:55:11 827] isr_local  751  text_encoding =   nil  
[2015/12/04 14:55:11 827] isr_local  1107 ASR_MSG_INIT esrInit() [in]   
[2015/12/04 14:55:11 827] isr_local  283  forbid_asr =   nil  
[2015/12/04 14:55:11 827] isr_local  1134 esrInit | params:   engine_type=local,asr_res_path=fo|res/asr/common.jet,sample_rate=16000,grm_build_path=res/asr/GrmBuilld,local_grammar=command,result_type=xml,result_encoding=utf-8  
[2015/12/04 14:55:11 827] isr_local  751  text_encoding =     
[2015/12/04 14:55:11 828] isr_local  1145 esrInit | sample_rate =   16000  
[2015/12/04 14:55:11 828] isr_local  1162 esrInit | params parse success  
[2015/12/04 14:55:11 828] isr_local  1068 createEsrObject [in]  
[2015/12/04 14:55:11 828] isr_local  1080  lucEsr new   
[2015/12/04 14:55:11 828] isr_local  954  paramResPathAnalysis() [in], param_str :  fo|res/asr/common.jet  
[2015/12/04 14:55:11 828] isr_local  978  file count =   1  
[2015/12/04 14:55:11 828] isr_local  870  resPathSubStrAnalysis() [in], sub_str:  fo|res/asr/common.jet  
[2015/12/04 14:55:11 828] isr_local  897  file open type is:   fo  
[2015/12/04 14:55:11 828] isr_local  931  res/asr/common.jet  0  0  
[2015/12/04 14:55:11 828] isr_local  1000 speech_plus_setting  1  
[2015/12/04 14:55:11 828] isr_local  1013 2  nil  res/asr/common.jet  0  0  
[2015/12/04 14:55:11 829] isr_local  1015 res_ver  2  
[2015/12/04 14:55:11 829] isr_local  1016 res 5  066839d96a62df675fedcbd3d304e3c8  
[2015/12/04 14:55:11 829] isr_local  1017 res_new_old_mark  v5pp  
[2015/12/04 14:55:11 829] isr_local  1018 res_usr_name    
[2015/12/04 14:55:11 829] isr_local  1019 res_expires    
[2015/12/04 14:55:11 829] isr_local  1020 err  0  
[2015/12/04 14:55:11 829] isr_local  1037 lgi appid 5  066839d96a62df675fedcbd3d304e3c8  
[2015/12/04 14:55:11 829] isr_local  1049 res_expires is null  
[2015/12/04 14:55:11 829] isr_local  933  ret, res_head_offset  0  256  
[2015/12/04 14:55:11 829] isr_local  947  resPathSubStrAnalysis() [out], ret :  0  
[2015/12/04 14:55:11 830] isr_local  987  paramResPathAnalysis() [out], ret :  0  
[2015/12/04 14:55:11 864] isr_local  1100 START cost :   34  
[2015/12/04 14:55:11 864] isr_local  1102 createEsrObject [out]  
[2015/12/04 14:55:11 864] isr_local  1178 ASR_MSG_INIT ARSesrInit() [out]   
[2015/12/04 14:55:11 864] isr_local  1281 grmBuildPath:   res/asr/GrmBuilld/  
[2015/12/04 14:55:11 864] isr_local  1313 result_type :   xml  
[2015/12/04 14:55:11 864] isr_local  1314 result_encoding :   UTF-8  
[2015/12/04 14:55:11 864] isr_local  1315 is iat :   false  
[2015/12/04 14:55:11 864] isr_local  797  params got sample_rate :  16000  
[2015/12/04 14:55:11 864] isr_local  1977 commit path:   res/asr/GrmBuilld/temp/commit  
[2015/12/04 14:55:11 876] isr_local  2014 commit success!  
[2015/12/04 14:55:11 880] isr_local  1325 esrObj:start ret =   0  
[2015/12/04 14:55:11 880] isr_local  1327 asrServer esrSessionBegin [out]  
[2015/12/04 14:55:11 880] isr_local  1468 esrSessionBegin, ret =   0  
[2015/12/04 14:55:11 880] isr_local  249  processRetCode | first_error =  0  
[2015/12/04 14:55:11 880] isr_local  1464 processing msg in asrmsg_q:   303  udata(af73b694) 1  
[2015/12/04 14:55:11 880] isr_local  1464 processing msg in asrmsg_q:   303  udata(af73cc9c) 2  
[2015/12/04 14:55:11 880] isr_local  1464 processing msg in asrmsg_q:   303  udata(af73cd84) 2  
[2015/12/04 14:55:11 880] isr_local  1464 processing msg in asrmsg_q:   303  udata(af73c764) 2  
[2015/12/04 14:55:11 880] isr_local  1464 processing msg in asrmsg_q:   303  udata(af73cf1c) 2  
[2015/12/04 14:55:11 880] isr_local  1464 processing msg in asrmsg_q:   303  udata(af73cfa4) 2  
[2015/12/04 14:55:11 880] isr_local  1464 processing msg in asrmsg_q:   303  udata(af73d05c) 2  
[2015/12/04 14:55:11 880] isr_local  1464 processing msg in asrmsg_q:   303  udata(af73d114) 2  
[2015/12/04 14:55:11 880] isr_local  1464 processing msg in asrmsg_q:   303  udata(af73cecc) 2  
[2015/12/04 14:55:11 880] isr_local  1464 processing msg in asrmsg_q:   303  udata(af73cef4) 2  
[2015/12/04 14:55:11 880] isr_local  1464 processing msg in asrmsg_q:   303  udata(af73d37c) 2  
[2015/12/04 14:55:11 880] isr_local  1464 processing msg in asrmsg_q:   303  udata(af73d434) 2  
[2015/12/04 14:55:11 880] isr_local  1464 processing msg in asrmsg_q:   303  udata(af73d4ec) 4  
[2015/12/04 14:55:11 880] isr_local  1532 asr_message_handler() [out], ret =   0  
[2015/12/04 14:55:11 880] isr_local  2130 last gc at  1449212104  
[2015/12/04 14:55:11 889] isr_local  604  esrMessageHandle | Aitalk msg:  784  
[2015/12/04 14:55:11 889] isr_local  634  local engine ready  
[2015/12/04 14:55:11 889] isr_local  574  ASRFlushBufferAudio buffer audio num:  13  
[2015/12/04 14:55:11 889] isr_local  1369 esrAudioWrite [in] :  udata(af73b694) 1  
[2015/12/04 14:55:11 889] isr_local  1381 auwl=  6400  
[2015/12/04 14:55:11 890] isr_local  1412 esrAudioWrite [out] :ret =   0  
[2015/12/04 14:55:11 890] isr_local  1369 esrAudioWrite [in] :  udata(af73cc9c) 2  
[2015/12/04 14:55:11 890] isr_local  1381 auwl=  6400  
[2015/12/04 14:55:11 890] isr_local  1412 esrAudioWrite [out] :ret =   0  
[2015/12/04 14:55:11 890] isr_local  1369 esrAudioWrite [in] :  udata(af73cd84) 2  
[2015/12/04 14:55:11 890] isr_local  1381 auwl=  6400  
[2015/12/04 14:55:11 890] isr_local  1412 esrAudioWrite [out] :ret =   0  
[2015/12/04 14:55:11 890] isr_local  1369 esrAudioWrite [in] :  udata(af73c764) 2  
[2015/12/04 14:55:11 890] isr_local  1381 auwl=  6400  
[2015/12/04 14:55:11 890] isr_local  1412 esrAudioWrite [out] :ret =   0  
[2015/12/04 14:55:11 890] isr_local  1369 esrAudioWrite [in] :  udata(af73cf1c) 2  
[2015/12/04 14:55:11 890] isr_local  1381 auwl=  6400  
[2015/12/04 14:55:11 890] isr_local  1412 esrAudioWrite [out] :ret =   0  
[2015/12/04 14:55:11 890] isr_local  1369 esrAudioWrite [in] :  udata(af73cfa4) 2  
[2015/12/04 14:55:11 890] isr_local  1381 auwl=  6400  
[2015/12/04 14:55:11 890] isr_local  1412 esrAudioWrite [out] :ret =   0  
[2015/12/04 14:55:11 890] isr_local  1369 esrAudioWrite [in] :  udata(af73d05c) 2  
[2015/12/04 14:55:11 890] isr_local  1381 auwl=  6400  
[2015/12/04 14:55:11 890] isr_local  1412 esrAudioWrite [out] :ret =   0  
[2015/12/04 14:55:11 890] isr_local  1369 esrAudioWrite [in] :  udata(af73d114) 2  
[2015/12/04 14:55:11 890] isr_local  1381 auwl=  6400  
[2015/12/04 14:55:11 890] isr_local  1412 esrAudioWrite [out] :ret =   0  
[2015/12/04 14:55:11 890] isr_local  1369 esrAudioWrite [in] :  udata(af73cecc) 2  
[2015/12/04 14:55:11 890] isr_local  1381 auwl=  6400  
[2015/12/04 14:55:11 890] isr_local  1412 esrAudioWrite [out] :ret =   0  
[2015/12/04 14:55:11 890] isr_local  1369 esrAudioWrite [in] :  udata(af73cef4) 2  
[2015/12/04 14:55:11 890] isr_local  1381 auwl=  6400  
[2015/12/04 14:55:11 890] isr_local  1412 esrAudioWrite [out] :ret =   0  
[2015/12/04 14:55:11 890] isr_local  1369 esrAudioWrite [in] :  udata(af73d37c) 2  
[2015/12/04 14:55:11 890] isr_local  1381 auwl=  6400  
[2015/12/04 14:55:11 890] isr_local  1412 esrAudioWrite [out] :ret =   0  
[2015/12/04 14:55:11 891] isr_local  1369 esrAudioWrite [in] :  udata(af73d434) 2  
[2015/12/04 14:55:11 891] isr_local  1381 auwl=  6400  
[2015/12/04 14:55:11 891] isr_local  1412 esrAudioWrite [out] :ret =   0  
[2015/12/04 14:55:11 891] isr_local  1369 esrAudioWrite [in] :  udata(af73d4ec) 4  
[2015/12/04 14:55:11 891] isr_local  1381 auwl=  2560  
[2015/12/04 14:55:11 891] isr_local  1332 esrEndAudio() [in]  
[2015/12/04 14:55:11 891] isr_local  1342 esrEndAudio() [out] :   0  
[2015/12/04 14:55:11 891] isr_local  1412 esrAudioWrite [out] :ret =   0  
[2015/12/04 14:55:11 891] isr_local  604  esrMessageHandle | Aitalk msg:  1541  
[2015/12/04 14:55:11 891] isr_local  615  local engine started  
[2015/12/04 14:55:11 891] isr_local  604  esrMessageHandle | Aitalk msg:  785  
[2015/12/04 14:55:11 891] isr_local  703  message_table[msg] =   406  
[2015/12/04 14:55:11 899] isr_local  604  esrMessageHandle | Aitalk msg:  1025  
[2015/12/04 14:55:11 899] isr_local  703  message_table[msg] =   404  
[2015/12/04 14:55:12 000] isr_local  604  esrMessageHandle | Aitalk msg:  1285  
[2015/12/04 14:55:12 000] isr_local  703  message_table[msg] =   nil  
[2015/12/04 14:55:12 000] isr_local  604  esrMessageHandle | Aitalk msg:  1280  
[2015/12/04 14:55:12 000] isr_local  658  nRecognizeState:  1  
[2015/12/04 14:55:12 000] isr_local  659  nConfidenceScore:  37  
[2015/12/04 14:55:12 001] isr_local  296  nil  
[2015/12/04 14:55:12 001] isr_local  703  message_table[msg] =   407  
[2015/12/04 14:55:12 001] isr_local  604  esrMessageHandle | Aitalk msg:  1282  
[2015/12/04 14:55:12 001] isr_local  654  IVMSG_RECOGNIZEEND | recognized end!  
[2015/12/04 14:55:12 001] isr_local  703  message_table[msg] =   408  
[2015/12/04 14:55:12 240] isr_local  1416 asr_message_handler() [in] | msg, param0, param1 :  304  nil  nil  
[2015/12/04 14:55:12 240] isr_local  1516 ASR_MSG_SSE  
[2015/12/04 14:55:12 240] isr_local  1347 esrSessionEnd() [in]  
[2015/12/04 14:55:12 240] isr_local  1364 esrSessionEnd() [out]  
[2015/12/04 14:55:12 240] isr_local  249  processRetCode | first_error =  0  
[2015/12/04 14:55:12 240] isr_local  1532 asr_message_handler() [out], ret =   0  
[2015/12/04 14:55:12 240] isr_local  2130 last gc at  1449212104  
[2015/12/04 14:55:12 242] isr_local  2043 Aitalk SHUTDOWN!  
[2015/12/04 14:55:12 242] isr_local  1183 esrFini() [in]  
[2015/12/04 14:55:13 293] isr_local  1195 DESTROY cost :   1052  
[2015/12/04 14:55:13 293] isr_local  1199 esrFini() [out]  
============================================================
Time  2015/12/04 14:58:05 517 
============================================================
[2015/12/04 14:58:05 517] isr_local  2027 os_type is:  Linux  
[2015/12/04 14:58:05 517] isr_local  2036 Aitalk LOAD!  
[2015/12/04 14:58:05 517] isr_local  2064 SYS_MSG_REGCB| param0 =  msp_status_cb  
[2015/12/04 14:58:05 517] isr_local  2130 last gc at  1449212279  
[2015/12/04 14:58:05 518] isr_local  2064 SYS_MSG_REGCB| param0 =  esrMessageCallBack  
[2015/12/04 14:58:05 518] isr_local  2130 last gc at  1449212279  
[2015/12/04 14:58:05 518] isr_local  1416 asr_message_handler() [in] | msg, param0, param1 :  302  engine_type=local,asr_res_path=fo|res/asr/common.jet,sample_rate=16000,grm_build_path=res/asr/GrmBuilld,local_grammar=command,result_type=xml,result_encoding=utf-8  nil  
[2015/12/04 14:58:05 518] isr_local  1453 push session message.   302  
[2015/12/04 14:58:05 518] isr_local  2130 last gc at  1449212279  
[2015/12/04 14:58:05 668] isr_local  1416 asr_message_handler() [in] | msg, param0, param1 :  303  udata(af73b68c) 1  
[2015/12/04 14:58:05 668] isr_local  1453 push session message.   303  
[2015/12/04 14:58:05 668] isr_local  2130 last gc at  1449212279  
[2015/12/04 14:58:05 820] isr_local  1416 asr_message_handler() [in] | msg, param0, param1 :  303  udata(af73cc94) 2  
[2015/12/04 14:58:05 820] isr_local  1453 push session message.   303  
[2015/12/04 14:58:05 820] isr_local  2130 last gc at  1449212279  
[2015/12/04 14:58:05 971] isr_local  1416 asr_message_handler() [in] | msg, param0, param1 :  303  udata(af73cd7c) 2  
[2015/12/04 14:58:05 971] isr_local  1453 push session message.   303  
[2015/12/04 14:58:05 971] isr_local  2130 last gc at  1449212279  
[2015/12/04 14:58:06 121] isr_local  1416 asr_message_handler() [in] | msg, param0, param1 :  303  udata(af73ce34) 2  
[2015/12/04 14:58:06 121] isr_local  1453 push session message.   303  
[2015/12/04 14:58:06 121] isr_local  2130 last gc at  1449212279  
[2015/12/04 14:58:06 272] isr_local  1416 asr_message_handler() [in] | msg, param0, param1 :  303  udata(af73cf3c) 2  
[2015/12/04 14:58:06 272] isr_local  1453 push session message.   303  
[2015/12/04 14:58:06 272] isr_local  2130 last gc at  1449212279  
[2015/12/04 14:58:06 420] isr_local  1416 asr_message_handler() [in] | msg, param0, param1 :  303  udata(af73cfc4) 2  
[2015/12/04 14:58:06 420] isr_local  1453 push session message.   303  
[2015/12/04 14:58:06 420] isr_local  2130 last gc at  1449212279  
[2015/12/04 14:58:06 573] isr_local  1416 asr_message_handler() [in] | msg, param0, param1 :  303  udata(af73d07c) 2  
[2015/12/04 14:58:06 573] isr_local  1453 push session message.   303  
[2015/12/04 14:58:06 573] isr_local  2130 last gc at  1449212279  
[2015/12/04 14:58:06 723] isr_local  1416 asr_message_handler() [in] | msg, param0, param1 :  303  udata(af73d134) 2  
[2015/12/04 14:58:06 723] isr_local  1453 push session message.   303  
[2015/12/04 14:58:06 723] isr_local  2130 last gc at  1449212279  
[2015/12/04 14:58:06 874] isr_local  1416 asr_message_handler() [in] | msg, param0, param1 :  303  udata(af73c75c) 2  
[2015/12/04 14:58:06 874] isr_local  1453 push session message.   303  
[2015/12/04 14:58:06 874] isr_local  2130 last gc at  1449212279  
[2015/12/04 14:58:07 023] isr_local  1416 asr_message_handler() [in] | msg, param0, param1 :  303  udata(af73d2dc) 2  
[2015/12/04 14:58:07 024] isr_local  1453 push session message.   303  
[2015/12/04 14:58:07 024] isr_local  2130 last gc at  1449212279  
[2015/12/04 14:58:07 176] isr_local  1416 asr_message_handler() [in] | msg, param0, param1 :  303  udata(af73d394) 2  
[2015/12/04 14:58:07 177] isr_local  1453 push session message.   303  
[2015/12/04 14:58:07 177] isr_local  2130 last gc at  1449212279  
[2015/12/04 14:58:07 177] isr_local  1416 asr_message_handler() [in] | msg, param0, param1 :  303  udata(af73d44c) 2  
[2015/12/04 14:58:07 177] isr_local  1453 push session message.   303  
[2015/12/04 14:58:07 178] isr_local  2130 last gc at  1449212279  
[2015/12/04 14:58:07 322] isr_local  1416 asr_message_handler() [in] | msg, param0, param1 :  303  udata(af73d504) 4  
[2015/12/04 14:58:07 322] isr_local  1453 push session message.   303  
[2015/12/04 14:58:07 322] isr_local  2130 last gc at  1449212279  
[2015/12/04 14:58:07 513] isr_local  1416 asr_message_handler() [in] | msg, param0, param1 :  306  nil  nil  
[2015/12/04 14:58:07 513] isr_local  1450 ssb init.  
[2015/12/04 14:58:07 513] isr_local  1464 processing msg in asrmsg_q:   302  engine_type=local,asr_res_path=fo|res/asr/common.jet,sample_rate=16000,grm_build_path=res/asr/GrmBuilld,local_grammar=command,result_type=xml,result_encoding=utf-8  nil  
[2015/12/04 14:58:07 513] isr_local  1203 asrServer esrSessionBegin [in] params =   engine_type=local,asr_res_path=fo|res/asr/common.jet,sample_rate=16000,grm_build_path=res/asr/GrmBuilld,local_grammar=command,result_type=xml,result_encoding=utf-8  
[2015/12/04 14:58:07 514] isr_local  1209 forbid_aitalk=  0  
[2015/12/04 14:58:07 514] isr_local  751  text_encoding =   nil  
[2015/12/04 14:58:07 514] isr_local  1107 ASR_MSG_INIT esrInit() [in]   
[2015/12/04 14:58:07 514] isr_local  283  forbid_asr =   nil  
[2015/12/04 14:58:07 514] isr_local  1134 esrInit | params:   engine_type=local,asr_res_path=fo|res/asr/common.jet,sample_rate=16000,grm_build_path=res/asr/GrmBuilld,local_grammar=command,result_type=xml,result_encoding=utf-8  
[2015/12/04 14:58:07 514] isr_local  751  text_encoding =     
[2015/12/04 14:58:07 514] isr_local  1145 esrInit | sample_rate =   16000  
[2015/12/04 14:58:07 515] isr_local  1162 esrInit | params parse success  
[2015/12/04 14:58:07 515] isr_local  1068 createEsrObject [in]  
[2015/12/04 14:58:07 515] isr_local  1080  lucEsr new   
[2015/12/04 14:58:07 515] isr_local  954  paramResPathAnalysis() [in], param_str :  fo|res/asr/common.jet  
[2015/12/04 14:58:07 515] isr_local  978  file count =   1  
[2015/12/04 14:58:07 515] isr_local  870  resPathSubStrAnalysis() [in], sub_str:  fo|res/asr/common.jet  
[2015/12/04 14:58:07 515] isr_local  897  file open type is:   fo  
[2015/12/04 14:58:07 515] isr_local  931  res/asr/common.jet  0  0  
[2015/12/04 14:58:07 515] isr_local  1000 speech_plus_setting  1  
[2015/12/04 14:58:07 515] isr_local  1013 2  nil  res/asr/common.jet  0  0  
[2015/12/04 14:58:07 515] isr_local  1015 res_ver  2  
[2015/12/04 14:58:07 516] isr_local  1016 res 5  066839d96a62df675fedcbd3d304e3c8  
[2015/12/04 14:58:07 516] isr_local  1017 res_new_old_mark  v5pp  
[2015/12/04 14:58:07 516] isr_local  1018 res_usr_name    
[2015/12/04 14:58:07 516] isr_local  1019 res_expires    
[2015/12/04 14:58:07 516] isr_local  1020 err  0  
[2015/12/04 14:58:07 516] isr_local  1037 lgi appid 5  066839d96a62df675fedcbd3d304e3c8  
[2015/12/04 14:58:07 516] isr_local  1049 res_expires is null  
[2015/12/04 14:58:07 516] isr_local  933  ret, res_head_offset  0  256  
[2015/12/04 14:58:07 517] isr_local  947  resPathSubStrAnalysis() [out], ret :  0  
[2015/12/04 14:58:07 517] isr_local  987  paramResPathAnalysis() [out], ret :  0  
[2015/12/04 14:58:07 552] isr_local  1100 START cost :   36  
[2015/12/04 14:58:07 553] isr_local  1102 createEsrObject [out]  
[2015/12/04 14:58:07 553] isr_local  1178 ASR_MSG_INIT ARSesrInit() [out]   
[2015/12/04 14:58:07 553] isr_local  1281 grmBuildPath:   res/asr/GrmBuilld/  
[2015/12/04 14:58:07 553] isr_local  1313 result_type :   xml  
[2015/12/04 14:58:07 553] isr_local  1314 result_encoding :   UTF-8  
[2015/12/04 14:58:07 553] isr_local  1315 is iat :   false  
[2015/12/04 14:58:07 553] isr_local  797  params got sample_rate :  16000  
[2015/12/04 14:58:07 553] isr_local  1977 commit path:   res/asr/GrmBuilld/temp/commit  
[2015/12/04 14:58:07 565] isr_local  2014 commit success!  
[2015/12/04 14:58:07 568] isr_local  1325 esrObj:start ret =   0  
[2015/12/04 14:58:07 568] isr_local  1327 asrServer esrSessionBegin [out]  
[2015/12/04 14:58:07 568] isr_local  1468 esrSessionBegin, ret =   0  
[2015/12/04 14:58:07 568] isr_local  249  processRetCode | first_error =  0  
[2015/12/04 14:58:07 569] isr_local  1464 processing msg in asrmsg_q:   303  udata(af73b68c) 1  
[2015/12/04 14:58:07 569] isr_local  1464 processing msg in asrmsg_q:   303  udata(af73cc94) 2  
[2015/12/04 14:58:07 569] isr_local  1464 processing msg in asrmsg_q:   303  udata(af73cd7c) 2  
[2015/12/04 14:58:07 569] isr_local  1464 processing msg in asrmsg_q:   303  udata(af73ce34) 2  
[2015/12/04 14:58:07 569] isr_local  1464 processing msg in asrmsg_q:   303  udata(af73cf3c) 2  
[2015/12/04 14:58:07 569] isr_local  1464 processing msg in asrmsg_q:   303  udata(af73cfc4) 2  
[2015/12/04 14:58:07 569] isr_local  1464 processing msg in asrmsg_q:   303  udata(af73d07c) 2  
[2015/12/04 14:58:07 569] isr_local  1464 processing msg in asrmsg_q:   303  udata(af73d134) 2  
[2015/12/04 14:58:07 569] isr_local  1464 processing msg in asrmsg_q:   303  udata(af73c75c) 2  
[2015/12/04 14:58:07 569] isr_local  1464 processing msg in asrmsg_q:   303  udata(af73d2dc) 2  
[2015/12/04 14:58:07 569] isr_local  1464 processing msg in asrmsg_q:   303  udata(af73d394) 2  
[2015/12/04 14:58:07 569] isr_local  1464 processing msg in asrmsg_q:   303  udata(af73d44c) 2  
[2015/12/04 14:58:07 569] isr_local  1464 processing msg in asrmsg_q:   303  udata(af73d504) 4  
[2015/12/04 14:58:07 569] isr_local  1532 asr_message_handler() [out], ret =   0  
[2015/12/04 14:58:07 569] isr_local  2130 last gc at  1449212279  
[2015/12/04 14:58:07 576] isr_local  604  esrMessageHandle | Aitalk msg:  784  
[2015/12/04 14:58:07 576] isr_local  634  local engine ready  
[2015/12/04 14:58:07 576] isr_local  574  ASRFlushBufferAudio buffer audio num:  13  
[2015/12/04 14:58:07 576] isr_local  1369 esrAudioWrite [in] :  udata(af73b68c) 1  
[2015/12/04 14:58:07 576] isr_local  1381 auwl=  6400  
[2015/12/04 14:58:07 576] isr_local  1412 esrAudioWrite [out] :ret =   0  
[2015/12/04 14:58:07 576] isr_local  1369 esrAudioWrite [in] :  udata(af73cc94) 2  
[2015/12/04 14:58:07 576] isr_local  1381 auwl=  6400  
[2015/12/04 14:58:07 576] isr_local  1412 esrAudioWrite [out] :ret =   0  
[2015/12/04 14:58:07 577] isr_local  1369 esrAudioWrite [in] :  udata(af73cd7c) 2  
[2015/12/04 14:58:07 577] isr_local  1381 auwl=  6400  
[2015/12/04 14:58:07 577] isr_local  1412 esrAudioWrite [out] :ret =   0  
[2015/12/04 14:58:07 577] isr_local  1369 esrAudioWrite [in] :  udata(af73ce34) 2  
[2015/12/04 14:58:07 577] isr_local  1381 auwl=  6400  
[2015/12/04 14:58:07 577] isr_local  1412 esrAudioWrite [out] :ret =   0  
[2015/12/04 14:58:07 577] isr_local  1369 esrAudioWrite [in] :  udata(af73cf3c) 2  
[2015/12/04 14:58:07 577] isr_local  1381 auwl=  6400  
[2015/12/04 14:58:07 577] isr_local  1412 esrAudioWrite [out] :ret =   0  
[2015/12/04 14:58:07 577] isr_local  1369 esrAudioWrite [in] :  udata(af73cfc4) 2  
[2015/12/04 14:58:07 577] isr_local  1381 auwl=  6400  
[2015/12/04 14:58:07 577] isr_local  1412 esrAudioWrite [out] :ret =   0  
[2015/12/04 14:58:07 577] isr_local  1369 esrAudioWrite [in] :  udata(af73d07c) 2  
[2015/12/04 14:58:07 577] isr_local  1381 auwl=  6400  
[2015/12/04 14:58:07 577] isr_local  1412 esrAudioWrite [out] :ret =   0  
[2015/12/04 14:58:07 577] isr_local  1369 esrAudioWrite [in] :  udata(af73d134) 2  
[2015/12/04 14:58:07 577] isr_local  1381 auwl=  6400  
[2015/12/04 14:58:07 577] isr_local  1412 esrAudioWrite [out] :ret =   0  
[2015/12/04 14:58:07 577] isr_local  1369 esrAudioWrite [in] :  udata(af73c75c) 2  
[2015/12/04 14:58:07 577] isr_local  1381 auwl=  6400  
[2015/12/04 14:58:07 577] isr_local  1412 esrAudioWrite [out] :ret =   0  
[2015/12/04 14:58:07 577] isr_local  1369 esrAudioWrite [in] :  udata(af73d2dc) 2  
[2015/12/04 14:58:07 577] isr_local  1381 auwl=  6400  
[2015/12/04 14:58:07 577] isr_local  1412 esrAudioWrite [out] :ret =   0  
[2015/12/04 14:58:07 577] isr_local  1369 esrAudioWrite [in] :  udata(af73d394) 2  
[2015/12/04 14:58:07 577] isr_local  1381 auwl=  6400  
[2015/12/04 14:58:07 577] isr_local  1412 esrAudioWrite [out] :ret =   0  
[2015/12/04 14:58:07 577] isr_local  1369 esrAudioWrite [in] :  udata(af73d44c) 2  
[2015/12/04 14:58:07 577] isr_local  1381 auwl=  6400  
[2015/12/04 14:58:07 577] isr_local  1412 esrAudioWrite [out] :ret =   0  
[2015/12/04 14:58:07 577] isr_local  1369 esrAudioWrite [in] :  udata(af73d504) 4  
[2015/12/04 14:58:07 577] isr_local  1381 auwl=  2560  
[2015/12/04 14:58:07 577] isr_local  1332 esrEndAudio() [in]  
[2015/12/04 14:58:07 578] isr_local  1342 esrEndAudio() [out] :   0  
[2015/12/04 14:58:07 578] isr_local  1412 esrAudioWrite [out] :ret =   0  
[2015/12/04 14:58:07 578] isr_local  604  esrMessageHandle | Aitalk msg:  1541  
[2015/12/04 14:58:07 578] isr_local  615  local engine started  
[2015/12/04 14:58:07 578] isr_local  604  esrMessageHandle | Aitalk msg:  785  
[2015/12/04 14:58:07 578] isr_local  703  message_table[msg] =   406  
[2015/12/04 14:58:07 619] isr_local  604  esrMessageHandle | Aitalk msg:  1285  
[2015/12/04 14:58:07 619] isr_local  703  message_table[msg] =   nil  
[2015/12/04 14:58:07 619] isr_local  604  esrMessageHandle | Aitalk msg:  1280  
[2015/12/04 14:58:07 619] isr_local  658  nRecognizeState:  1  
[2015/12/04 14:58:07 619] isr_local  659  nConfidenceScore:  0  
[2015/12/04 14:58:07 619] isr_local  698  IVMSG_RESULT | no recognized result!  
[2015/12/04 14:58:07 619] isr_local  703  message_table[msg] =   407  
[2015/12/04 14:58:07 619] isr_local  604  esrMessageHandle | Aitalk msg:  1282  
[2015/12/04 14:58:07 620] isr_local  654  IVMSG_RECOGNIZEEND | recognized end!  
[2015/12/04 14:58:07 620] isr_local  703  message_table[msg] =   408  
[2015/12/04 14:58:07 773] isr_local  1416 asr_message_handler() [in] | msg, param0, param1 :  304  nil  nil  
[2015/12/04 14:58:07 773] isr_local  1516 ASR_MSG_SSE  
[2015/12/04 14:58:07 773] isr_local  1347 esrSessionEnd() [in]  
[2015/12/04 14:58:07 774] isr_local  1364 esrSessionEnd() [out]  
[2015/12/04 14:58:07 774] isr_local  249  processRetCode | first_error =  0  
[2015/12/04 14:58:07 774] isr_local  1532 asr_message_handler() [out], ret =   0  
[2015/12/04 14:58:07 774] isr_local  2130 last gc at  1449212279  
[2015/12/04 14:58:07 777] isr_local  2043 Aitalk SHUTDOWN!  
[2015/12/04 14:58:07 777] isr_local  1183 esrFini() [in]  
[2015/12/04 14:58:08 828] isr_local  1195 DESTROY cost :   1052  
[2015/12/04 14:58:08 829] isr_local  1199 esrFini() [out]  
============================================================
Time  2015/12/04 15:00:37 721 
============================================================
[2015/12/04 15:00:37 721] isr_local  2027 os_type is:  Linux  
[2015/12/04 15:00:37 721] isr_local  2036 Aitalk LOAD!  
[2015/12/04 15:00:37 721] isr_local  2064 SYS_MSG_REGCB| param0 =  msp_status_cb  
[2015/12/04 15:00:37 721] isr_local  2130 last gc at  1449212432  
[2015/12/04 15:00:37 722] isr_local  2064 SYS_MSG_REGCB| param0 =  esrMessageCallBack  
[2015/12/04 15:00:37 722] isr_local  2130 last gc at  1449212432  
[2015/12/04 15:00:37 722] isr_local  1416 asr_message_handler() [in] | msg, param0, param1 :  302  engine_type=local,asr_res_path=fo|res/asr/common.jet,sample_rate=16000,grm_build_path=res/asr/GrmBuilld,local_grammar=command,result_type=xml,result_encoding=utf-8  nil  
[2015/12/04 15:00:37 722] isr_local  1453 push session message.   302  
[2015/12/04 15:00:37 723] isr_local  2130 last gc at  1449212432  
[2015/12/04 15:00:37 870] isr_local  1416 asr_message_handler() [in] | msg, param0, param1 :  303  udata(af63b6a4) 1  
[2015/12/04 15:00:37 870] isr_local  1453 push session message.   303  
[2015/12/04 15:00:37 870] isr_local  2130 last gc at  1449212432  
[2015/12/04 15:00:38 021] isr_local  1416 asr_message_handler() [in] | msg, param0, param1 :  303  udata(af63ccac) 2  
[2015/12/04 15:00:38 021] isr_local  1453 push session message.   303  
[2015/12/04 15:00:38 021] isr_local  2130 last gc at  1449212432  
[2015/12/04 15:00:38 174] isr_local  1416 asr_message_handler() [in] | msg, param0, param1 :  303  udata(af63cd94) 2  
[2015/12/04 15:00:38 175] isr_local  1453 push session message.   303  
[2015/12/04 15:00:38 175] isr_local  2130 last gc at  1449212432  
[2015/12/04 15:00:38 322] isr_local  1416 asr_message_handler() [in] | msg, param0, param1 :  303  udata(af63ce4c) 2  
[2015/12/04 15:00:38 322] isr_local  1453 push session message.   303  
[2015/12/04 15:00:38 322] isr_local  2130 last gc at  1449212432  
[2015/12/04 15:00:38 475] isr_local  1416 asr_message_handler() [in] | msg, param0, param1 :  303  udata(af63cf54) 2  
[2015/12/04 15:00:38 476] isr_local  1453 push session message.   303  
[2015/12/04 15:00:38 476] isr_local  2130 last gc at  1449212432  
[2015/12/04 15:00:38 625] isr_local  1416 asr_message_handler() [in] | msg, param0, param1 :  303  udata(af63cfdc) 2  
[2015/12/04 15:00:38 625] isr_local  1453 push session message.   303  
[2015/12/04 15:00:38 625] isr_local  2130 last gc at  1449212432  
[2015/12/04 15:00:38 774] isr_local  1416 asr_message_handler() [in] | msg, param0, param1 :  303  udata(af63d094) 2  
[2015/12/04 15:00:38 774] isr_local  1453 push session message.   303  
[2015/12/04 15:00:38 774] isr_local  2130 last gc at  1449212432  
[2015/12/04 15:00:38 927] isr_local  1416 asr_message_handler() [in] | msg, param0, param1 :  303  udata(af63d14c) 2  
[2015/12/04 15:00:38 927] isr_local  1453 push session message.   303  
[2015/12/04 15:00:38 927] isr_local  2130 last gc at  1449212432  
[2015/12/04 15:00:39 075] isr_local  1416 asr_message_handler() [in] | msg, param0, param1 :  303  udata(af63c774) 2  
[2015/12/04 15:00:39 075] isr_local  1453 push session message.   303  
[2015/12/04 15:00:39 075] isr_local  2130 last gc at  1449212432  
[2015/12/04 15:00:39 228] isr_local  1416 asr_message_handler() [in] | msg, param0, param1 :  303  udata(af63d2f4) 2  
[2015/12/04 15:00:39 228] isr_local  1453 push session message.   303  
[2015/12/04 15:00:39 228] isr_local  2130 last gc at  1449212432  
[2015/12/04 15:00:39 379] isr_local  1416 asr_message_handler() [in] | msg, param0, param1 :  303  udata(af63d3ac) 2  
[2015/12/04 15:00:39 379] isr_local  1453 push session message.   303  
[2015/12/04 15:00:39 379] isr_local  2130 last gc at  1449212432  
[2015/12/04 15:00:39 379] isr_local  1416 asr_message_handler() [in] | msg, param0, param1 :  303  udata(af63d464) 2  
[2015/12/04 15:00:39 380] isr_local  1453 push session message.   303  
[2015/12/04 15:00:39 380] isr_local  2130 last gc at  1449212432  
[2015/12/04 15:00:39 525] isr_local  1416 asr_message_handler() [in] | msg, param0, param1 :  303  udata(af63d51c) 4  
[2015/12/04 15:00:39 525] isr_local  1453 push session message.   303  
[2015/12/04 15:00:39 526] isr_local  2130 last gc at  1449212432  
[2015/12/04 15:00:39 717] isr_local  1416 asr_message_handler() [in] | msg, param0, param1 :  306  nil  nil  
[2015/12/04 15:00:39 718] isr_local  1450 ssb init.  
[2015/12/04 15:00:39 718] isr_local  1464 processing msg in asrmsg_q:   302  engine_type=local,asr_res_path=fo|res/asr/common.jet,sample_rate=16000,grm_build_path=res/asr/GrmBuilld,local_grammar=command,result_type=xml,result_encoding=utf-8  nil  
[2015/12/04 15:00:39 718] isr_local  1203 asrServer esrSessionBegin [in] params =   engine_type=local,asr_res_path=fo|res/asr/common.jet,sample_rate=16000,grm_build_path=res/asr/GrmBuilld,local_grammar=command,result_type=xml,result_encoding=utf-8  
[2015/12/04 15:00:39 718] isr_local  1209 forbid_aitalk=  0  
[2015/12/04 15:00:39 718] isr_local  751  text_encoding =   nil  
[2015/12/04 15:00:39 718] isr_local  1107 ASR_MSG_INIT esrInit() [in]   
[2015/12/04 15:00:39 718] isr_local  283  forbid_asr =   nil  
[2015/12/04 15:00:39 718] isr_local  1134 esrInit | params:   engine_type=local,asr_res_path=fo|res/asr/common.jet,sample_rate=16000,grm_build_path=res/asr/GrmBuilld,local_grammar=command,result_type=xml,result_encoding=utf-8  
[2015/12/04 15:00:39 718] isr_local  751  text_encoding =     
[2015/12/04 15:00:39 719] isr_local  1145 esrInit | sample_rate =   16000  
[2015/12/04 15:00:39 719] isr_local  1162 esrInit | params parse success  
[2015/12/04 15:00:39 719] isr_local  1068 createEsrObject [in]  
[2015/12/04 15:00:39 719] isr_local  1080  lucEsr new   
[2015/12/04 15:00:39 719] isr_local  954  paramResPathAnalysis() [in], param_str :  fo|res/asr/common.jet  
[2015/12/04 15:00:39 719] isr_local  978  file count =   1  
[2015/12/04 15:00:39 719] isr_local  870  resPathSubStrAnalysis() [in], sub_str:  fo|res/asr/common.jet  
[2015/12/04 15:00:39 719] isr_local  897  file open type is:   fo  
[2015/12/04 15:00:39 719] isr_local  931  res/asr/common.jet  0  0  
[2015/12/04 15:00:39 719] isr_local  1000 speech_plus_setting  1  
[2015/12/04 15:00:39 719] isr_local  1013 2  nil  res/asr/common.jet  0  0  
[2015/12/04 15:00:39 719] isr_local  1015 res_ver  2  
[2015/12/04 15:00:39 719] isr_local  1016 res 5  066839d96a62df675fedcbd3d304e3c8  
[2015/12/04 15:00:39 719] isr_local  1017 res_new_old_mark  v5pp  
[2015/12/04 15:00:39 719] isr_local  1018 res_usr_name    
[2015/12/04 15:00:39 719] isr_local  1019 res_expires    
[2015/12/04 15:00:39 719] isr_local  1020 err  0  
[2015/12/04 15:00:39 720] isr_local  1037 lgi appid 5  066839d96a62df675fedcbd3d304e3c8  
[2015/12/04 15:00:39 720] isr_local  1049 res_expires is null  
[2015/12/04 15:00:39 720] isr_local  933  ret, res_head_offset  0  256  
[2015/12/04 15:00:39 720] isr_local  947  resPathSubStrAnalysis() [out], ret :  0  
[2015/12/04 15:00:39 720] isr_local  987  paramResPathAnalysis() [out], ret :  0  
[2015/12/04 15:00:39 740] isr_local  1100 START cost :   20  
[2015/12/04 15:00:39 740] isr_local  1102 createEsrObject [out]  
[2015/12/04 15:00:39 740] isr_local  1178 ASR_MSG_INIT ARSesrInit() [out]   
[2015/12/04 15:00:39 740] isr_local  1281 grmBuildPath:   res/asr/GrmBuilld/  
[2015/12/04 15:00:39 740] isr_local  1313 result_type :   xml  
[2015/12/04 15:00:39 740] isr_local  1314 result_encoding :   UTF-8  
[2015/12/04 15:00:39 740] isr_local  1315 is iat :   false  
[2015/12/04 15:00:39 740] isr_local  797  params got sample_rate :  16000  
[2015/12/04 15:00:39 740] isr_local  1977 commit path:   res/asr/GrmBuilld/temp/commit  
[2015/12/04 15:00:39 755] isr_local  2014 commit success!  
[2015/12/04 15:00:39 757] isr_local  1325 esrObj:start ret =   0  
[2015/12/04 15:00:39 757] isr_local  1327 asrServer esrSessionBegin [out]  
[2015/12/04 15:00:39 757] isr_local  1468 esrSessionBegin, ret =   0  
[2015/12/04 15:00:39 757] isr_local  249  processRetCode | first_error =  0  
[2015/12/04 15:00:39 757] isr_local  1464 processing msg in asrmsg_q:   303  udata(af63b6a4) 1  
[2015/12/04 15:00:39 757] isr_local  1464 processing msg in asrmsg_q:   303  udata(af63ccac) 2  
[2015/12/04 15:00:39 757] isr_local  1464 processing msg in asrmsg_q:   303  udata(af63cd94) 2  
[2015/12/04 15:00:39 757] isr_local  1464 processing msg in asrmsg_q:   303  udata(af63ce4c) 2  
[2015/12/04 15:00:39 757] isr_local  1464 processing msg in asrmsg_q:   303  udata(af63cf54) 2  
[2015/12/04 15:00:39 757] isr_local  1464 processing msg in asrmsg_q:   303  udata(af63cfdc) 2  
[2015/12/04 15:00:39 757] isr_local  1464 processing msg in asrmsg_q:   303  udata(af63d094) 2  
[2015/12/04 15:00:39 757] isr_local  1464 processing msg in asrmsg_q:   303  udata(af63d14c) 2  
[2015/12/04 15:00:39 757] isr_local  1464 processing msg in asrmsg_q:   303  udata(af63c774) 2  
[2015/12/04 15:00:39 757] isr_local  1464 processing msg in asrmsg_q:   303  udata(af63d2f4) 2  
[2015/12/04 15:00:39 757] isr_local  1464 processing msg in asrmsg_q:   303  udata(af63d3ac) 2  
[2015/12/04 15:00:39 757] isr_local  1464 processing msg in asrmsg_q:   303  udata(af63d464) 2  
[2015/12/04 15:00:39 757] isr_local  1464 processing msg in asrmsg_q:   303  udata(af63d51c) 4  
[2015/12/04 15:00:39 757] isr_local  1532 asr_message_handler() [out], ret =   0  
[2015/12/04 15:00:39 757] isr_local  2130 last gc at  1449212432  
[2015/12/04 15:00:39 766] isr_local  604  esrMessageHandle | Aitalk msg:  784  
[2015/12/04 15:00:39 766] isr_local  634  local engine ready  
[2015/12/04 15:00:39 767] isr_local  574  ASRFlushBufferAudio buffer audio num:  13  
[2015/12/04 15:00:39 767] isr_local  1369 esrAudioWrite [in] :  udata(af63b6a4) 1  
[2015/12/04 15:00:39 767] isr_local  1381 auwl=  6400  
[2015/12/04 15:00:39 767] isr_local  1412 esrAudioWrite [out] :ret =   0  
[2015/12/04 15:00:39 767] isr_local  1369 esrAudioWrite [in] :  udata(af63ccac) 2  
[2015/12/04 15:00:39 767] isr_local  1381 auwl=  6400  
[2015/12/04 15:00:39 767] isr_local  1412 esrAudioWrite [out] :ret =   0  
[2015/12/04 15:00:39 767] isr_local  1369 esrAudioWrite [in] :  udata(af63cd94) 2  
[2015/12/04 15:00:39 767] isr_local  1381 auwl=  6400  
[2015/12/04 15:00:39 767] isr_local  1412 esrAudioWrite [out] :ret =   0  
[2015/12/04 15:00:39 767] isr_local  1369 esrAudioWrite [in] :  udata(af63ce4c) 2  
[2015/12/04 15:00:39 767] isr_local  1381 auwl=  6400  
[2015/12/04 15:00:39 767] isr_local  1412 esrAudioWrite [out] :ret =   0  
[2015/12/04 15:00:39 768] isr_local  1369 esrAudioWrite [in] :  udata(af63cf54) 2  
[2015/12/04 15:00:39 768] isr_local  1381 auwl=  6400  
[2015/12/04 15:00:39 768] isr_local  1412 esrAudioWrite [out] :ret =   0  
[2015/12/04 15:00:39 768] isr_local  1369 esrAudioWrite [in] :  udata(af63cfdc) 2  
[2015/12/04 15:00:39 768] isr_local  1381 auwl=  6400  
[2015/12/04 15:00:39 768] isr_local  1412 esrAudioWrite [out] :ret =   0  
[2015/12/04 15:00:39 768] isr_local  1369 esrAudioWrite [in] :  udata(af63d094) 2  
[2015/12/04 15:00:39 768] isr_local  1381 auwl=  6400  
[2015/12/04 15:00:39 768] isr_local  1412 esrAudioWrite [out] :ret =   0  
[2015/12/04 15:00:39 768] isr_local  1369 esrAudioWrite [in] :  udata(af63d14c) 2  
[2015/12/04 15:00:39 768] isr_local  1381 auwl=  6400  
[2015/12/04 15:00:39 768] isr_local  1412 esrAudioWrite [out] :ret =   0  
[2015/12/04 15:00:39 768] isr_local  1369 esrAudioWrite [in] :  udata(af63c774) 2  
[2015/12/04 15:00:39 768] isr_local  1381 auwl=  6400  
[2015/12/04 15:00:39 768] isr_local  1412 esrAudioWrite [out] :ret =   0  
[2015/12/04 15:00:39 768] isr_local  1369 esrAudioWrite [in] :  udata(af63d2f4) 2  
[2015/12/04 15:00:39 768] isr_local  1381 auwl=  6400  
[2015/12/04 15:00:39 768] isr_local  1412 esrAudioWrite [out] :ret =   0  
[2015/12/04 15:00:39 768] isr_local  1369 esrAudioWrite [in] :  udata(af63d3ac) 2  
[2015/12/04 15:00:39 768] isr_local  1381 auwl=  6400  
[2015/12/04 15:00:39 768] isr_local  1412 esrAudioWrite [out] :ret =   0  
[2015/12/04 15:00:39 768] isr_local  1369 esrAudioWrite [in] :  udata(af63d464) 2  
[2015/12/04 15:00:39 768] isr_local  1381 auwl=  6400  
[2015/12/04 15:00:39 768] isr_local  1412 esrAudioWrite [out] :ret =   0  
[2015/12/04 15:00:39 768] isr_local  1369 esrAudioWrite [in] :  udata(af63d51c) 4  
[2015/12/04 15:00:39 768] isr_local  1381 auwl=  2560  
[2015/12/04 15:00:39 768] isr_local  1332 esrEndAudio() [in]  
[2015/12/04 15:00:39 769] isr_local  1342 esrEndAudio() [out] :   0  
[2015/12/04 15:00:39 769] isr_local  1412 esrAudioWrite [out] :ret =   0  
[2015/12/04 15:00:39 769] isr_local  604  esrMessageHandle | Aitalk msg:  1541  
[2015/12/04 15:00:39 769] isr_local  615  local engine started  
[2015/12/04 15:00:39 769] isr_local  604  esrMessageHandle | Aitalk msg:  785  
[2015/12/04 15:00:39 769] isr_local  703  message_table[msg] =   406  
[2015/12/04 15:00:39 776] isr_local  604  esrMessageHandle | Aitalk msg:  1025  
[2015/12/04 15:00:39 776] isr_local  703  message_table[msg] =   404  
[2015/12/04 15:00:39 894] isr_local  604  esrMessageHandle | Aitalk msg:  1285  
[2015/12/04 15:00:39 894] isr_local  703  message_table[msg] =   nil  
[2015/12/04 15:00:39 894] isr_local  604  esrMessageHandle | Aitalk msg:  1280  
[2015/12/04 15:00:39 894] isr_local  658  nRecognizeState:  1  
[2015/12/04 15:00:39 894] isr_local  659  nConfidenceScore:  36  
[2015/12/04 15:00:39 894] isr_local  296  nil  
[2015/12/04 15:00:39 894] isr_local  703  message_table[msg] =   407  
[2015/12/04 15:00:39 895] isr_local  604  esrMessageHandle | Aitalk msg:  1282  
[2015/12/04 15:00:39 895] isr_local  654  IVMSG_RECOGNIZEEND | recognized end!  
[2015/12/04 15:00:39 895] isr_local  703  message_table[msg] =   408  
[2015/12/04 15:00:40 129] isr_local  1416 asr_message_handler() [in] | msg, param0, param1 :  304  nil  nil  
[2015/12/04 15:00:40 129] isr_local  1516 ASR_MSG_SSE  
[2015/12/04 15:00:40 129] isr_local  1347 esrSessionEnd() [in]  
[2015/12/04 15:00:40 129] isr_local  1364 esrSessionEnd() [out]  
[2015/12/04 15:00:40 129] isr_local  249  processRetCode | first_error =  0  
[2015/12/04 15:00:40 129] isr_local  1532 asr_message_handler() [out], ret =   0  
[2015/12/04 15:00:40 129] isr_local  2130 last gc at  1449212432  
[2015/12/04 15:00:40 132] isr_local  2043 Aitalk SHUTDOWN!  
[2015/12/04 15:00:40 132] isr_local  1183 esrFini() [in]  
[2015/12/04 15:00:41 185] isr_local  1195 DESTROY cost :   1052  
[2015/12/04 15:00:41 185] isr_local  1199 esrFini() [out]  
