============================================================
Time  2015/11/27 14:25:34 581 
============================================================
[2015/11/27 14:25:34 581] sessinfo_l 420  SYS_MSG_LOAD  
[2015/11/27 14:25:34 581] sessinfo_l 437  LOCALSESSION_MSG_CMD  
[2015/11/27 14:25:34 581] sessinfo_l 446  net_type, flower_mode  nil  nil  
[2015/11/27 14:25:34 581] sessinfo_l 328  send_sessifo start  
[2015/11/27 14:25:34 581] sessinfo_l 335  plog_fsize  0  
[2015/11/27 14:25:34 581] sessinfo_l 108  get_send_data  
[2015/11/27 14:25:34 583] sessinfo_l 378  original_data_len  1115  
[2015/11/27 14:25:34 583] sessinfo_l 399  new encoder success  
[2015/11/27 14:25:34 584] sessinfo_l 429  SYS_MSG_SHUTDOWN  
[2015/11/27 14:25:34 584] sessinfo_l 150  save no upload data  
============================================================
Time  2015/11/27 14:33:55 186 
============================================================
[2015/11/27 14:33:55 186] sessinfo_l 420  SYS_MSG_LOAD  
[2015/11/27 14:33:55 186] sessinfo_l 429  SYS_MSG_SHUTDOWN  
[2015/11/27 14:33:55 186] sessinfo_l 150  save no upload data  
============================================================
Time  2015/11/27 14:51:47 091 
============================================================
[2015/11/27 14:51:47 091] sessinfo_l 420  SYS_MSG_LOAD  
[2015/11/27 14:51:47 091] sessinfo_l 429  SYS_MSG_SHUTDOWN  
[2015/11/27 14:51:47 091] sessinfo_l 150  save no upload data  
============================================================
Time  2015/11/27 15:21:34 488 
============================================================
[2015/11/27 15:21:34 488] sessinfo_l 420  SYS_MSG_LOAD  
[2015/11/27 15:21:34 488] sessinfo_l 429  SYS_MSG_SHUTDOWN  
[2015/11/27 15:21:34 488] sessinfo_l 150  save no upload data  
